{"meta": {"format": 3, "version": "7.12.0", "timestamp": "2025-12-05T20:26:18.464736", "branch_coverage": false, "show_contexts": false}, "files": {"src\\mobius\\__init__.py": {"executed_lines": [1, 8], "summary": {"covered_lines": 1, "num_statements": 1, "percent_covered": 100.0, "percent_covered_display": "100", "missing_lines": 0, "excluded_lines": 0, "percent_statements_covered": 100.0, "percent_statements_covered_display": "100"}, "missing_lines": [], "excluded_lines": [], "functions": {"": {"executed_lines": [1, 8], "summary": {"covered_lines": 1, "num_statements": 1, "percent_covered": 100.0, "percent_covered_display": "100", "missing_lines": 0, "excluded_lines": 0, "percent_statements_covered": 100.0, "percent_statements_covered_display": "100"}, "missing_lines": [], "excluded_lines": []}}, "classes": {"": {"executed_lines": [1, 8], "summary": {"covered_lines": 1, "num_statements": 1, "percent_covered": 100.0, "percent_covered_display": "100", "missing_lines": 0, "excluded_lines": 0, "percent_statements_covered": 100.0, "percent_statements_covered_display": "100"}, "missing_lines": [], "excluded_lines": []}}}, "src\\mobius\\api\\__init__.py": {"executed_lines": [1, 13, 14, 16], "summary": {"covered_lines": 3, "num_statements": 3, "percent_covered": 100.0, "percent_covered_display": "100", "missing_lines": 0, "excluded_lines": 0, "percent_statements_covered": 100.0, "percent_statements_covered_display": "100"}, "missing_lines": [], "excluded_lines": [], "functions": {"": {"executed_lines": [1, 13, 14, 16], "summary": {"covered_lines": 3, "num_statements": 3, "percent_covered": 100.0, "percent_covered_display": "100", "missing_lines": 0, "excluded_lines": 0, "percent_statements_covered": 100.0, "percent_statements_covered_display": "100"}, "missing_lines": [], "excluded_lines": []}}, "classes": {"": {"executed_lines": [1, 13, 14, 16], "summary": {"covered_lines": 3, "num_statements": 3, "percent_covered": 100.0, "percent_covered_display": "100", "missing_lines": 0, "excluded_lines": 0, "percent_statements_covered": 100.0, "percent_statements_covered_display": "100"}, "missing_lines": [], "excluded_lines": []}}}, "src\\mobius\\api\\app.py": {"executed_lines": [], "summary": {"covered_lines": 0, "num_statements": 338, "percent_covered": 0.0, "percent_covered_display": "0", "missing_lines": 338, "excluded_lines": 0, "percent_statements_covered": 0.0, "percent_statements_covered_display": "0"}, "missing_lines": [8, 9, 12, 15, 32, 37, 38, 39, 45, 46, 47, 49, 51, 53, 54, 55, 56, 57, 59, 67, 69, 70, 71, 72, 73, 74, 83, 84, 85, 91, 92, 93, 95, 97, 98, 99, 100, 102, 108, 110, 111, 112, 113, 114, 115, 124, 125, 126, 132, 133, 134, 136, 138, 139, 141, 143, 145, 146, 147, 148, 149, 150, 159, 160, 161, 167, 168, 169, 170, 172, 174, 175, 176, 178, 183, 185, 186, 187, 188, 189, 190, 199, 200, 201, 207, 208, 209, 211, 213, 214, 216, 218, 220, 221, 222, 223, 224, 225, 236, 237, 238, 244, 245, 246, 248, 250, 251, 252, 253, 254, 255, 256, 259, 264, 274, 276, 277, 278, 279, 280, 281, 292, 293, 294, 300, 301, 302, 304, 306, 307, 309, 311, 313, 314, 315, 316, 317, 318, 327, 328, 329, 335, 336, 337, 339, 341, 342, 344, 346, 348, 349, 350, 351, 352, 353, 364, 365, 366, 372, 373, 374, 376, 378, 379, 380, 381, 383, 389, 391, 392, 393, 394, 395, 396, 405, 406, 407, 413, 414, 415, 417, 419, 420, 421, 423, 428, 430, 431, 432, 433, 434, 435, 444, 445, 446, 452, 453, 454, 456, 458, 459, 461, 463, 465, 466, 467, 468, 469, 470, 479, 480, 481, 487, 488, 489, 491, 493, 494, 496, 498, 500, 501, 502, 503, 504, 505, 516, 517, 518, 524, 525, 526, 528, 530, 531, 532, 533, 535, 541, 543, 544, 545, 546, 547, 548, 557, 558, 559, 565, 566, 567, 569, 571, 572, 574, 576, 578, 579, 580, 581, 582, 583, 594, 595, 596, 602, 603, 604, 606, 608, 609, 611, 613, 614, 615, 616, 617, 618, 627, 628, 629, 635, 636, 637, 639, 641, 642, 644, 646, 647, 648, 649, 650, 651, 662, 663, 664, 673, 674, 675, 677, 678, 684, 689, 693, 695, 702, 704, 705, 706, 707, 708, 709, 720, 725, 732, 733, 734, 736, 737, 739, 741, 743, 750, 751, 752, 756, 757, 758, 759, 760, 761, 764, 765, 767, 769, 770, 771], "excluded_lines": [], "functions": {"v1_ingest_brand": {"executed_lines": [], "summary": {"covered_lines": 0, "num_statements": 18, "percent_covered": 0.0, "percent_covered_display": "0", "missing_lines": 18, "excluded_lines": 0, "percent_statements_covered": 0.0, "percent_statements_covered_display": "0"}, "missing_lines": [45, 46, 47, 49, 51, 53, 54, 55, 56, 57, 59, 67, 69, 70, 71, 72, 73, 74], "excluded_lines": []}, "v1_list_brands": {"executed_lines": [], "summary": {"covered_lines": 0, "num_statements": 16, "percent_covered": 0.0, "percent_covered_display": "0", "missing_lines": 16, "excluded_lines": 0, "percent_statements_covered": 0.0, "percent_statements_covered_display": "0"}, "missing_lines": [91, 92, 93, 95, 97, 98, 99, 100, 102, 108, 110, 111, 112, 113, 114, 115], "excluded_lines": []}, "v1_get_brand": {"executed_lines": [], "summary": {"covered_lines": 0, "num_statements": 14, "percent_covered": 0.0, "percent_covered_display": "0", "missing_lines": 14, "excluded_lines": 0, "percent_statements_covered": 0.0, "percent_statements_covered_display": "0"}, "missing_lines": [132, 133, 134, 136, 138, 139, 141, 143, 145, 146, 147, 148, 149, 150], "excluded_lines": []}, "v1_update_brand": {"executed_lines": [], "summary": {"covered_lines": 0, "num_statements": 16, "percent_covered": 0.0, "percent_covered_display": "0", "missing_lines": 16, "excluded_lines": 0, "percent_statements_covered": 0.0, "percent_statements_covered_display": "0"}, "missing_lines": [167, 168, 169, 170, 172, 174, 175, 176, 178, 183, 185, 186, 187, 188, 189, 190], "excluded_lines": []}, "v1_delete_brand": {"executed_lines": [], "summary": {"covered_lines": 0, "num_statements": 14, "percent_covered": 0.0, "percent_covered_display": "0", "missing_lines": 14, "excluded_lines": 0, "percent_statements_covered": 0.0, "percent_statements_covered_display": "0"}, "missing_lines": [207, 208, 209, 211, 213, 214, 216, 218, 220, 221, 222, 223, 224, 225], "excluded_lines": []}, "v1_generate": {"executed_lines": [], "summary": {"covered_lines": 0, "num_statements": 20, "percent_covered": 0.0, "percent_covered_display": "0", "missing_lines": 20, "excluded_lines": 0, "percent_statements_covered": 0.0, "percent_statements_covered_display": "0"}, "missing_lines": [244, 245, 246, 248, 250, 251, 252, 253, 254, 255, 256, 259, 264, 274, 276, 277, 278, 279, 280, 281], "excluded_lines": []}, "v1_get_job_status": {"executed_lines": [], "summary": {"covered_lines": 0, "num_statements": 14, "percent_covered": 0.0, "percent_covered_display": "0", "missing_lines": 14, "excluded_lines": 0, "percent_statements_covered": 0.0, "percent_statements_covered_display": "0"}, "missing_lines": [300, 301, 302, 304, 306, 307, 309, 311, 313, 314, 315, 316, 317, 318], "excluded_lines": []}, "v1_cancel_job": {"executed_lines": [], "summary": {"covered_lines": 0, "num_statements": 14, "percent_covered": 0.0, "percent_covered_display": "0", "missing_lines": 14, "excluded_lines": 0, "percent_statements_covered": 0.0, "percent_statements_covered_display": "0"}, "missing_lines": [335, 336, 337, 339, 341, 342, 344, 346, 348, 349, 350, 351, 352, 353], "excluded_lines": []}, "v1_save_template": {"executed_lines": [], "summary": {"covered_lines": 0, "num_statements": 16, "percent_covered": 0.0, "percent_covered_display": "0", "missing_lines": 16, "excluded_lines": 0, "percent_statements_covered": 0.0, "percent_statements_covered_display": "0"}, "missing_lines": [372, 373, 374, 376, 378, 379, 380, 381, 383, 389, 391, 392, 393, 394, 395, 396], "excluded_lines": []}, "v1_list_templates": {"executed_lines": [], "summary": {"covered_lines": 0, "num_statements": 15, "percent_covered": 0.0, "percent_covered_display": "0", "missing_lines": 15, "excluded_lines": 0, "percent_statements_covered": 0.0, "percent_statements_covered_display": "0"}, "missing_lines": [413, 414, 415, 417, 419, 420, 421, 423, 428, 430, 431, 432, 433, 434, 435], "excluded_lines": []}, "v1_get_template": {"executed_lines": [], "summary": {"covered_lines": 0, "num_statements": 14, "percent_covered": 0.0, "percent_covered_display": "0", "missing_lines": 14, "excluded_lines": 0, "percent_statements_covered": 0.0, "percent_statements_covered_display": "0"}, "missing_lines": [452, 453, 454, 456, 458, 459, 461, 463, 465, 466, 467, 468, 469, 470], "excluded_lines": []}, "v1_delete_template": {"executed_lines": [], "summary": {"covered_lines": 0, "num_statements": 14, "percent_covered": 0.0, "percent_covered_display": "0", "missing_lines": 14, "excluded_lines": 0, "percent_statements_covered": 0.0, "percent_statements_covered_display": "0"}, "missing_lines": [487, 488, 489, 491, 493, 494, 496, 498, 500, 501, 502, 503, 504, 505], "excluded_lines": []}, "v1_submit_feedback": {"executed_lines": [], "summary": {"covered_lines": 0, "num_statements": 16, "percent_covered": 0.0, "percent_covered_display": "0", "missing_lines": 16, "excluded_lines": 0, "percent_statements_covered": 0.0, "percent_statements_covered_display": "0"}, "missing_lines": [524, 525, 526, 528, 530, 531, 532, 533, 535, 541, 543, 544, 545, 546, 547, 548], "excluded_lines": []}, "v1_get_feedback_stats": {"executed_lines": [], "summary": {"covered_lines": 0, "num_statements": 14, "percent_covered": 0.0, "percent_covered_display": "0", "missing_lines": 14, "excluded_lines": 0, "percent_statements_covered": 0.0, "percent_statements_covered_display": "0"}, "missing_lines": [565, 566, 567, 569, 571, 572, 574, 576, 578, 579, 580, 581, 582, 583], "excluded_lines": []}, "v1_health": {"executed_lines": [], "summary": {"covered_lines": 0, "num_statements": 13, "percent_covered": 0.0, "percent_covered_display": "0", "missing_lines": 13, "excluded_lines": 0, "percent_statements_covered": 0.0, "percent_statements_covered_display": "0"}, "missing_lines": [602, 603, 604, 606, 608, 609, 611, 613, 614, 615, 616, 617, 618], "excluded_lines": []}, "v1_docs": {"executed_lines": [], "summary": {"covered_lines": 0, "num_statements": 13, "percent_covered": 0.0, "percent_covered_display": "0", "missing_lines": 13, "excluded_lines": 0, "percent_statements_covered": 0.0, "percent_statements_covered_display": "0"}, "missing_lines": [635, 636, 637, 639, 641, 642, 644, 646, 647, 648, 649, 650, 651], "excluded_lines": []}, "run_mobius_job": {"executed_lines": [], "summary": {"covered_lines": 0, "num_statements": 16, "percent_covered": 0.0, "percent_covered_display": "0", "missing_lines": 16, "excluded_lines": 0, "percent_statements_covered": 0.0, "percent_statements_covered_display": "0"}, "missing_lines": [673, 674, 675, 677, 678, 684, 689, 693, 695, 702, 704, 705, 706, 707, 708, 709], "excluded_lines": []}, "cleanup_expired_jobs": {"executed_lines": [], "summary": {"covered_lines": 0, "num_statements": 23, "percent_covered": 0.0, "percent_covered_display": "0", "missing_lines": 23, "excluded_lines": 0, "percent_statements_covered": 0.0, "percent_statements_covered_display": "0"}, "missing_lines": [732, 733, 734, 736, 737, 739, 741, 743, 750, 751, 752, 756, 757, 758, 759, 760, 761, 764, 765, 767, 769, 770, 771], "excluded_lines": []}, "": {"executed_lines": [], "summary": {"covered_lines": 0, "num_statements": 58, "percent_covered": 0.0, "percent_covered_display": "0", "missing_lines": 58, "excluded_lines": 0, "percent_statements_covered": 0.0, "percent_statements_covered_display": "0"}, "missing_lines": [8, 9, 12, 15, 32, 37, 38, 39, 83, 84, 85, 124, 125, 126, 159, 160, 161, 199, 200, 201, 236, 237, 238, 292, 293, 294, 327, 328, 329, 364, 365, 366, 405, 406, 407, 444, 445, 446, 479, 480, 481, 516, 517, 518, 557, 558, 559, 594, 595, 596, 627, 628, 629, 662, 663, 664, 720, 725], "excluded_lines": []}}, "classes": {"": {"executed_lines": [], "summary": {"covered_lines": 0, "num_statements": 338, "percent_covered": 0.0, "percent_covered_display": "0", "missing_lines": 338, "excluded_lines": 0, "percent_statements_covered": 0.0, "percent_statements_covered_display": "0"}, "missing_lines": [8, 9, 12, 15, 32, 37, 38, 39, 45, 46, 47, 49, 51, 53, 54, 55, 56, 57, 59, 67, 69, 70, 71, 72, 73, 74, 83, 84, 85, 91, 92, 93, 95, 97, 98, 99, 100, 102, 108, 110, 111, 112, 113, 114, 115, 124, 125, 126, 132, 133, 134, 136, 138, 139, 141, 143, 145, 146, 147, 148, 149, 150, 159, 160, 161, 167, 168, 169, 170, 172, 174, 175, 176, 178, 183, 185, 186, 187, 188, 189, 190, 199, 200, 201, 207, 208, 209, 211, 213, 214, 216, 218, 220, 221, 222, 223, 224, 225, 236, 237, 238, 244, 245, 246, 248, 250, 251, 252, 253, 254, 255, 256, 259, 264, 274, 276, 277, 278, 279, 280, 281, 292, 293, 294, 300, 301, 302, 304, 306, 307, 309, 311, 313, 314, 315, 316, 317, 318, 327, 328, 329, 335, 336, 337, 339, 341, 342, 344, 346, 348, 349, 350, 351, 352, 353, 364, 365, 366, 372, 373, 374, 376, 378, 379, 380, 381, 383, 389, 391, 392, 393, 394, 395, 396, 405, 406, 407, 413, 414, 415, 417, 419, 420, 421, 423, 428, 430, 431, 432, 433, 434, 435, 444, 445, 446, 452, 453, 454, 456, 458, 459, 461, 463, 465, 466, 467, 468, 469, 470, 479, 480, 481, 487, 488, 489, 491, 493, 494, 496, 498, 500, 501, 502, 503, 504, 505, 516, 517, 518, 524, 525, 526, 528, 530, 531, 532, 533, 535, 541, 543, 544, 545, 546, 547, 548, 557, 558, 559, 565, 566, 567, 569, 571, 572, 574, 576, 578, 579, 580, 581, 582, 583, 594, 595, 596, 602, 603, 604, 606, 608, 609, 611, 613, 614, 615, 616, 617, 618, 627, 628, 629, 635, 636, 637, 639, 641, 642, 644, 646, 647, 648, 649, 650, 651, 662, 663, 664, 673, 674, 675, 677, 678, 684, 689, 693, 695, 702, 704, 705, 706, 707, 708, 709, 720, 725, 732, 733, 734, 736, 737, 739, 741, 743, 750, 751, 752, 756, 757, 758, 759, 760, 761, 764, 765, 767, 769, 770, 771], "excluded_lines": []}}}, "src\\mobius\\api\\dependencies.py": {"executed_lines": [], "summary": {"covered_lines": 0, "num_statements": 10, "percent_covered": 0.0, "percent_covered_display": "0", "missing_lines": 10, "excluded_lines": 0, "percent_statements_covered": 0.0, "percent_statements_covered_display": "0"}, "missing_lines": [9, 10, 13, 20, 21, 22, 25, 47, 48, 51], "excluded_lines": [], "functions": {"get_current_user": {"executed_lines": [], "summary": {"covered_lines": 0, "num_statements": 3, "percent_covered": 0.0, "percent_covered_display": "0", "missing_lines": 3, "excluded_lines": 0, "percent_statements_covered": 0.0, "percent_statements_covered_display": "0"}, "missing_lines": [47, 48, 51], "excluded_lines": []}, "": {"executed_lines": [], "summary": {"covered_lines": 0, "num_statements": 7, "percent_covered": 0.0, "percent_covered_display": "0", "missing_lines": 7, "excluded_lines": 0, "percent_statements_covered": 0.0, "percent_statements_covered_display": "0"}, "missing_lines": [9, 10, 13, 20, 21, 22, 25], "excluded_lines": []}}, "classes": {"User": {"executed_lines": [], "summary": {"covered_lines": 0, "num_statements": 0, "percent_covered": 100.0, "percent_covered_display": "100", "missing_lines": 0, "excluded_lines": 0, "percent_statements_covered": 100.0, "percent_statements_covered_display": "100"}, "missing_lines": [], "excluded_lines": []}, "": {"executed_lines": [], "summary": {"covered_lines": 0, "num_statements": 10, "percent_covered": 0.0, "percent_covered_display": "0", "missing_lines": 10, "excluded_lines": 0, "percent_statements_covered": 0.0, "percent_statements_covered_display": "0"}, "missing_lines": [9, 10, 13, 20, 21, 22, 25, 47, 48, 51], "excluded_lines": []}}}, "src\\mobius\\api\\errors.py": {"executed_lines": [1, 7, 8, 11, 12, 14, 15, 16, 17, 20, 21, 23, 26, 27, 38, 46, 47, 52, 54, 56, 59, 60, 66, 69, 72, 73, 79, 80, 88, 89, 95, 98, 103, 104, 110, 111, 114, 115, 121, 122], "summary": {"covered_lines": 31, "num_statements": 31, "percent_covered": 100.0, "percent_covered_display": "100", "missing_lines": 0, "excluded_lines": 0, "percent_statements_covered": 100.0, "percent_statements_covered_display": "100"}, "missing_lines": [], "excluded_lines": [], "functions": {"MobiusError.__init__": {"executed_lines": [46, 47, 52], "summary": {"covered_lines": 3, "num_statements": 3, "percent_covered": 100.0, "percent_covered_display": "100", "missing_lines": 0, "excluded_lines": 0, "percent_statements_covered": 100.0, "percent_statements_covered_display": "100"}, "missing_lines": [], "excluded_lines": []}, "MobiusError.to_dict": {"executed_lines": [56], "summary": {"covered_lines": 1, "num_statements": 1, "percent_covered": 100.0, "percent_covered_display": "100", "missing_lines": 0, "excluded_lines": 0, "percent_statements_covered": 100.0, "percent_statements_covered_display": "100"}, "missing_lines": [], "excluded_lines": []}, "ValidationError.__init__": {"executed_lines": [69], "summary": {"covered_lines": 1, "num_statements": 1, "percent_covered": 100.0, "percent_covered_display": "100", "missing_lines": 0, "excluded_lines": 0, "percent_statements_covered": 100.0, "percent_statements_covered_display": "100"}, "missing_lines": [], "excluded_lines": []}, "NotFoundError.__init__": {"executed_lines": [80], "summary": {"covered_lines": 1, "num_statements": 1, "percent_covered": 100.0, "percent_covered_display": "100", "missing_lines": 0, "excluded_lines": 0, "percent_statements_covered": 100.0, "percent_statements_covered_display": "100"}, "missing_lines": [], "excluded_lines": []}, "StorageError.__init__": {"executed_lines": [98], "summary": {"covered_lines": 1, "num_statements": 1, "percent_covered": 100.0, "percent_covered_display": "100", "missing_lines": 0, "excluded_lines": 0, "percent_statements_covered": 100.0, "percent_statements_covered_display": "100"}, "missing_lines": [], "excluded_lines": []}, "GenerationError.__init__": {"executed_lines": [111], "summary": {"covered_lines": 1, "num_statements": 1, "percent_covered": 100.0, "percent_covered_display": "100", "missing_lines": 0, "excluded_lines": 0, "percent_statements_covered": 100.0, "percent_statements_covered_display": "100"}, "missing_lines": [], "excluded_lines": []}, "AuditError.__init__": {"executed_lines": [122], "summary": {"covered_lines": 1, "num_statements": 1, "percent_covered": 100.0, "percent_covered_display": "100", "missing_lines": 0, "excluded_lines": 0, "percent_statements_covered": 100.0, "percent_statements_covered_display": "100"}, "missing_lines": [], "excluded_lines": []}, "": {"executed_lines": [1, 7, 8, 11, 12, 14, 15, 16, 17, 20, 21, 23, 26, 27, 38, 54, 59, 60, 66, 72, 73, 79, 88, 89, 95, 103, 104, 110, 114, 115, 121], "summary": {"covered_lines": 22, "num_statements": 22, "percent_covered": 100.0, "percent_covered_display": "100", "missing_lines": 0, "excluded_lines": 0, "percent_statements_covered": 100.0, "percent_statements_covered_display": "100"}, "missing_lines": [], "excluded_lines": []}}, "classes": {"ErrorDetail": {"executed_lines": [], "summary": {"covered_lines": 0, "num_statements": 0, "percent_covered": 100.0, "percent_covered_display": "100", "missing_lines": 0, "excluded_lines": 0, "percent_statements_covered": 100.0, "percent_statements_covered_display": "100"}, "missing_lines": [], "excluded_lines": []}, "ErrorResponse": {"executed_lines": [], "summary": {"covered_lines": 0, "num_statements": 0, "percent_covered": 100.0, "percent_covered_display": "100", "missing_lines": 0, "excluded_lines": 0, "percent_statements_covered": 100.0, "percent_statements_covered_display": "100"}, "missing_lines": [], "excluded_lines": []}, "MobiusError": {"executed_lines": [46, 47, 52, 56], "summary": {"covered_lines": 4, "num_statements": 4, "percent_covered": 100.0, "percent_covered_display": "100", "missing_lines": 0, "excluded_lines": 0, "percent_statements_covered": 100.0, "percent_statements_covered_display": "100"}, "missing_lines": [], "excluded_lines": []}, "ValidationError": {"executed_lines": [69], "summary": {"covered_lines": 1, "num_statements": 1, "percent_covered": 100.0, "percent_covered_display": "100", "missing_lines": 0, "excluded_lines": 0, "percent_statements_covered": 100.0, "percent_statements_covered_display": "100"}, "missing_lines": [], "excluded_lines": []}, "NotFoundError": {"executed_lines": [80], "summary": {"covered_lines": 1, "num_statements": 1, "percent_covered": 100.0, "percent_covered_display": "100", "missing_lines": 0, "excluded_lines": 0, "percent_statements_covered": 100.0, "percent_statements_covered_display": "100"}, "missing_lines": [], "excluded_lines": []}, "StorageError": {"executed_lines": [98], "summary": {"covered_lines": 1, "num_statements": 1, "percent_covered": 100.0, "percent_covered_display": "100", "missing_lines": 0, "excluded_lines": 0, "percent_statements_covered": 100.0, "percent_statements_covered_display": "100"}, "missing_lines": [], "excluded_lines": []}, "GenerationError": {"executed_lines": [111], "summary": {"covered_lines": 1, "num_statements": 1, "percent_covered": 100.0, "percent_covered_display": "100", "missing_lines": 0, "excluded_lines": 0, "percent_statements_covered": 100.0, "percent_statements_covered_display": "100"}, "missing_lines": [], "excluded_lines": []}, "AuditError": {"executed_lines": [122], "summary": {"covered_lines": 1, "num_statements": 1, "percent_covered": 100.0, "percent_covered_display": "100", "missing_lines": 0, "excluded_lines": 0, "percent_statements_covered": 100.0, "percent_statements_covered_display": "100"}, "missing_lines": [], "excluded_lines": []}, "": {"executed_lines": [1, 7, 8, 11, 12, 14, 15, 16, 17, 20, 21, 23, 26, 27, 38, 54, 59, 60, 66, 72, 73, 79, 88, 89, 95, 103, 104, 110, 114, 115, 121], "summary": {"covered_lines": 22, "num_statements": 22, "percent_covered": 100.0, "percent_covered_display": "100", "missing_lines": 0, "excluded_lines": 0, "percent_statements_covered": 100.0, "percent_statements_covered_display": "100"}, "missing_lines": [], "excluded_lines": []}}}, "src\\mobius\\api\\learning_routes.py": {"executed_lines": [1, 9, 10, 11, 12, 14, 25, 26, 27, 28, 29, 30, 31, 33, 36, 47, 48, 50, 58, 59, 60, 64, 65, 68, 74, 78, 79, 81, 87, 89, 96, 108, 114, 115, 117, 120, 121, 122, 123, 126, 127, 129, 136, 148, 156, 157, 159, 162, 163, 164, 168, 169, 171, 175, 178, 188, 190, 191, 206, 212, 223, 229, 230, 232, 235, 236, 237, 241, 242, 245, 259, 267, 273, 274, 276, 279, 280, 281, 285, 286, 288, 295, 306, 314, 315, 317, 320, 321, 322, 326, 327, 329, 336, 344, 352, 353, 355, 358, 359, 360, 364, 365, 368, 378], "summary": {"covered_lines": 103, "num_statements": 121, "percent_covered": 85.12396694214875, "percent_covered_display": "85", "missing_lines": 18, "excluded_lines": 0, "percent_statements_covered": 85.12396694214875, "percent_statements_covered_display": "85"}, "missing_lines": [61, 75, 131, 165, 172, 189, 194, 195, 196, 197, 198, 199, 201, 203, 238, 282, 323, 361], "excluded_lines": [], "functions": {"update_learning_settings_handler": {"executed_lines": [47, 48, 50, 58, 59, 60, 64, 65, 68, 74, 78, 79, 81, 87, 89, 96], "summary": {"covered_lines": 16, "num_statements": 18, "percent_covered": 88.88888888888889, "percent_covered_display": "89", "missing_lines": 2, "excluded_lines": 0, "percent_statements_covered": 88.88888888888889, "percent_statements_covered_display": "89"}, "missing_lines": [61, 75], "excluded_lines": []}, "get_learning_settings_handler": {"executed_lines": [114, 115, 117, 120, 121, 122, 123, 126, 127, 129, 136], "summary": {"covered_lines": 11, "num_statements": 12, "percent_covered": 91.66666666666667, "percent_covered_display": "92", "missing_lines": 1, "excluded_lines": 0, "percent_statements_covered": 91.66666666666667, "percent_statements_covered_display": "92"}, "missing_lines": [131], "excluded_lines": []}, "get_learning_dashboard_handler": {"executed_lines": [156, 157, 159, 162, 163, 164, 168, 169, 171, 175, 178, 188, 190, 191, 206, 212], "summary": {"covered_lines": 16, "num_statements": 27, "percent_covered": 59.25925925925926, "percent_covered_display": "59", "missing_lines": 11, "excluded_lines": 0, "percent_statements_covered": 59.25925925925926, "percent_statements_covered_display": "59"}, "missing_lines": [165, 172, 189, 194, 195, 196, 197, 198, 199, 201, 203], "excluded_lines": []}, "get_learning_patterns_handler": {"executed_lines": [229, 230, 232, 235, 236, 237, 241, 242, 245, 259], "summary": {"covered_lines": 10, "num_statements": 11, "percent_covered": 90.9090909090909, "percent_covered_display": "91", "missing_lines": 1, "excluded_lines": 0, "percent_statements_covered": 90.9090909090909, "percent_statements_covered_display": "91"}, "missing_lines": [238], "excluded_lines": []}, "export_learning_data_handler": {"executed_lines": [273, 274, 276, 279, 280, 281, 285, 286, 288, 295], "summary": {"covered_lines": 10, "num_statements": 11, "percent_covered": 90.9090909090909, "percent_covered_display": "91", "missing_lines": 1, "excluded_lines": 0, "percent_statements_covered": 90.9090909090909, "percent_statements_covered_display": "91"}, "missing_lines": [282], "excluded_lines": []}, "delete_learning_data_handler": {"executed_lines": [314, 315, 317, 320, 321, 322, 326, 327, 329, 336], "summary": {"covered_lines": 10, "num_statements": 11, "percent_covered": 90.9090909090909, "percent_covered_display": "91", "missing_lines": 1, "excluded_lines": 0, "percent_statements_covered": 90.9090909090909, "percent_statements_covered_display": "91"}, "missing_lines": [323], "excluded_lines": []}, "get_learning_audit_log_handler": {"executed_lines": [352, 353, 355, 358, 359, 360, 364, 365, 368, 378], "summary": {"covered_lines": 10, "num_statements": 11, "percent_covered": 90.9090909090909, "percent_covered_display": "91", "missing_lines": 1, "excluded_lines": 0, "percent_statements_covered": 90.9090909090909, "percent_statements_covered_display": "91"}, "missing_lines": [361], "excluded_lines": []}, "": {"executed_lines": [1, 9, 10, 11, 12, 14, 25, 26, 27, 28, 29, 30, 31, 33, 36, 108, 148, 223, 267, 306, 344], "summary": {"covered_lines": 20, "num_statements": 20, "percent_covered": 100.0, "percent_covered_display": "100", "missing_lines": 0, "excluded_lines": 0, "percent_statements_covered": 100.0, "percent_statements_covered_display": "100"}, "missing_lines": [], "excluded_lines": []}}, "classes": {"": {"executed_lines": [1, 9, 10, 11, 12, 14, 25, 26, 27, 28, 29, 30, 31, 33, 36, 47, 48, 50, 58, 59, 60, 64, 65, 68, 74, 78, 79, 81, 87, 89, 96, 108, 114, 115, 117, 120, 121, 122, 123, 126, 127, 129, 136, 148, 156, 157, 159, 162, 163, 164, 168, 169, 171, 175, 178, 188, 190, 191, 206, 212, 223, 229, 230, 232, 235, 236, 237, 241, 242, 245, 259, 267, 273, 274, 276, 279, 280, 281, 285, 286, 288, 295, 306, 314, 315, 317, 320, 321, 322, 326, 327, 329, 336, 344, 352, 353, 355, 358, 359, 360, 364, 365, 368, 378], "summary": {"covered_lines": 103, "num_statements": 121, "percent_covered": 85.12396694214875, "percent_covered_display": "85", "missing_lines": 18, "excluded_lines": 0, "percent_statements_covered": 85.12396694214875, "percent_statements_covered_display": "85"}, "missing_lines": [61, 75, 131, 165, 172, 189, 194, 195, 196, 197, 198, 199, 201, 203, 238, 282, 323, 361], "excluded_lines": []}}}, "src\\mobius\\api\\routes.py": {"executed_lines": [1, 7, 8, 9, 17, 18, 19, 20, 21, 22, 23, 24, 26, 29, 54, 55, 57, 67, 68, 74, 81, 82, 85, 92, 93, 94, 100, 104, 113, 131, 132, 134, 142, 143, 144, 147, 148, 150, 151, 158, 159, 160, 162, 163, 168, 171, 172, 176, 180, 191, 197, 203, 204, 205, 212, 225, 226, 228, 230, 231, 232, 234, 235, 236, 238, 240, 255, 256, 257, 258, 259, 266, 283, 284, 286, 293, 294, 297, 298, 299, 300, 303, 304, 306, 307, 322, 324, 326, 341, 342, 352, 368, 369, 371, 373, 374, 377, 378, 379, 380, 383, 385, 387, 394, 395, 407, 429, 430, 431, 432, 433, 434, 436, 437, 439, 446, 448, 449, 451, 452, 453, 456, 457, 464, 476, 486, 487, 489, 496, 507, 508, 518, 532, 533, 535, 536, 538, 545, 546, 547, 549, 563, 570, 585, 598, 599, 601, 602, 604, 606, 607, 608, 610, 611, 612, 614, 616, 627, 628, 638, 653, 655, 656, 658, 660, 661, 664, 665, 670, 672, 674, 694, 711, 713, 715, 716, 718, 722, 725, 726, 727, 729, 736, 743, 782, 783, 785, 786, 788, 797, 799, 800, 801, 803, 804, 810, 817, 818, 821, 822, 828, 829, 835, 847, 848, 855, 856, 857, 862, 863, 878, 879, 881, 892, 899, 900, 913, 928, 930, 931, 933, 935, 936, 937, 939, 940, 941, 943, 946, 947, 949, 961, 962, 972, 988, 989, 991, 993, 994, 995, 997, 1002, 1003, 1009, 1020, 1022, 1024, 1031, 1032, 1044, 1147, 1221, 1233, 1234, 1235, 1237, 1238, 1240, 1243, 1246, 1247, 1248, 1250, 1251, 1252, 1253, 1254, 1255, 1258, 1259, 1260, 1262, 1263, 1264, 1265, 1266, 1267, 1268, 1271, 1273, 1282, 1292, 1301, 1302, 1304, 1307, 1867, 1869, 1874, 1887, 1889, 1891, 1892, 1893, 1896, 1898, 1899, 1900, 1902, 1903, 1905, 1908, 1909, 1910, 1911, 1912, 1913, 1915, 1918, 1919, 1920, 1922, 1923, 1924, 1925, 1927, 1934, 1942, 1943, 1944, 1953, 1969, 1970, 1972, 1979, 1982, 1990, 1996], "summary": {"covered_lines": 327, "num_statements": 410, "percent_covered": 79.7560975609756, "percent_covered_display": "80", "missing_lines": 83, "excluded_lines": 0, "percent_statements_covered": 79.7560975609756, "percent_statements_covered_display": "80"}, "missing_lines": [343, 344, 345, 396, 397, 398, 509, 510, 511, 576, 577, 578, 629, 630, 631, 666, 667, 681, 682, 683, 684, 685, 719, 858, 859, 901, 902, 903, 963, 964, 965, 998, 999, 1033, 1034, 1035, 1068, 1069, 1070, 1072, 1073, 1075, 1082, 1084, 1085, 1090, 1098, 1099, 1101, 1102, 1103, 1105, 1108, 1109, 1117, 1119, 1128, 1136, 1137, 1138, 1139, 1140, 1162, 1163, 1164, 1166, 1167, 1169, 1175, 1177, 1178, 1180, 1181, 1182, 1185, 1186, 1188, 1198, 1207, 1208, 1209, 1210, 1211], "excluded_lines": [], "functions": {"ingest_brand_handler": {"executed_lines": [54, 55, 57, 67, 68, 74, 81, 82, 85, 92, 93, 94, 100, 104], "summary": {"covered_lines": 14, "num_statements": 14, "percent_covered": 100.0, "percent_covered_display": "100", "missing_lines": 0, "excluded_lines": 0, "percent_statements_covered": 100.0, "percent_statements_covered_display": "100"}, "missing_lines": [], "excluded_lines": []}, "list_brands_handler": {"executed_lines": [131, 132, 134, 142, 143, 144, 147, 148, 150, 151, 158, 159, 160, 162, 163, 168, 171, 172, 176, 180, 191, 197, 203, 204, 205], "summary": {"covered_lines": 25, "num_statements": 25, "percent_covered": 100.0, "percent_covered_display": "100", "missing_lines": 0, "excluded_lines": 0, "percent_statements_covered": 100.0, "percent_statements_covered_display": "100"}, "missing_lines": [], "excluded_lines": []}, "get_brand_handler": {"executed_lines": [225, 226, 228, 230, 231, 232, 234, 235, 236, 238, 240, 255, 256, 257, 258, 259], "summary": {"covered_lines": 16, "num_statements": 16, "percent_covered": 100.0, "percent_covered_display": "100", "missing_lines": 0, "excluded_lines": 0, "percent_statements_covered": 100.0, "percent_statements_covered_display": "100"}, "missing_lines": [], "excluded_lines": []}, "update_brand_handler": {"executed_lines": [283, 284, 286, 293, 294, 297, 298, 299, 300, 303, 304, 306, 307, 322, 324, 326, 341, 342], "summary": {"covered_lines": 18, "num_statements": 21, "percent_covered": 85.71428571428571, "percent_covered_display": "86", "missing_lines": 3, "excluded_lines": 0, "percent_statements_covered": 85.71428571428571, "percent_statements_covered_display": "86"}, "missing_lines": [343, 344, 345], "excluded_lines": []}, "delete_brand_handler": {"executed_lines": [368, 369, 371, 373, 374, 377, 378, 379, 380, 383, 385, 387, 394, 395], "summary": {"covered_lines": 14, "num_statements": 17, "percent_covered": 82.3529411764706, "percent_covered_display": "82", "missing_lines": 3, "excluded_lines": 0, "percent_statements_covered": 82.3529411764706, "percent_statements_covered_display": "82"}, "missing_lines": [396, 397, 398], "excluded_lines": []}, "save_template_handler": {"executed_lines": [429, 430, 431, 432, 433, 434, 436, 437, 439, 446, 448, 449, 451, 452, 453, 456, 457, 464, 476, 486, 487, 489, 496, 507, 508], "summary": {"covered_lines": 25, "num_statements": 28, "percent_covered": 89.28571428571429, "percent_covered_display": "89", "missing_lines": 3, "excluded_lines": 0, "percent_statements_covered": 89.28571428571429, "percent_statements_covered_display": "89"}, "missing_lines": [509, 510, 511], "excluded_lines": []}, "list_templates_handler": {"executed_lines": [532, 533, 535, 536, 538, 545, 546, 547, 549, 563, 570], "summary": {"covered_lines": 11, "num_statements": 14, "percent_covered": 78.57142857142857, "percent_covered_display": "79", "missing_lines": 3, "excluded_lines": 0, "percent_statements_covered": 78.57142857142857, "percent_statements_covered_display": "79"}, "missing_lines": [576, 577, 578], "excluded_lines": []}, "get_template_handler": {"executed_lines": [598, 599, 601, 602, 604, 606, 607, 608, 610, 611, 612, 614, 616, 627, 628], "summary": {"covered_lines": 15, "num_statements": 18, "percent_covered": 83.33333333333333, "percent_covered_display": "83", "missing_lines": 3, "excluded_lines": 0, "percent_statements_covered": 83.33333333333333, "percent_statements_covered_display": "83"}, "missing_lines": [629, 630, 631], "excluded_lines": []}, "delete_template_handler": {"executed_lines": [653, 655, 656, 658, 660, 661, 664, 665, 670, 672, 674], "summary": {"covered_lines": 11, "num_statements": 18, "percent_covered": 61.111111111111114, "percent_covered_display": "61", "missing_lines": 7, "excluded_lines": 0, "percent_statements_covered": 61.111111111111114, "percent_statements_covered_display": "61"}, "missing_lines": [666, 667, 681, 682, 683, 684, 685], "excluded_lines": []}, "apply_template_to_request": {"executed_lines": [711, 713, 715, 716, 718, 722, 725, 726, 727, 729, 736], "summary": {"covered_lines": 11, "num_statements": 12, "percent_covered": 91.66666666666667, "percent_covered_display": "92", "missing_lines": 1, "excluded_lines": 0, "percent_statements_covered": 91.66666666666667, "percent_statements_covered_display": "92"}, "missing_lines": [719], "excluded_lines": []}, "generate_handler": {"executed_lines": [782, 783, 785, 786, 788, 797, 799, 800, 801, 803, 804, 810, 817, 818, 821, 822, 828, 829, 835, 847, 848, 855, 856, 857, 862, 863, 878, 879, 881, 892, 899, 900], "summary": {"covered_lines": 32, "num_statements": 37, "percent_covered": 86.48648648648648, "percent_covered_display": "86", "missing_lines": 5, "excluded_lines": 0, "percent_statements_covered": 86.48648648648648, "percent_statements_covered_display": "86"}, "missing_lines": [858, 859, 901, 902, 903], "excluded_lines": []}, "get_job_status_handler": {"executed_lines": [928, 930, 931, 933, 935, 936, 937, 939, 940, 941, 943, 946, 947, 949, 961, 962], "summary": {"covered_lines": 16, "num_statements": 19, "percent_covered": 84.21052631578948, "percent_covered_display": "84", "missing_lines": 3, "excluded_lines": 0, "percent_statements_covered": 84.21052631578948, "percent_statements_covered_display": "84"}, "missing_lines": [963, 964, 965], "excluded_lines": []}, "cancel_job_handler": {"executed_lines": [988, 989, 991, 993, 994, 995, 997, 1002, 1003, 1009, 1020, 1022, 1024, 1031, 1032], "summary": {"covered_lines": 15, "num_statements": 20, "percent_covered": 75.0, "percent_covered_display": "75", "missing_lines": 5, "excluded_lines": 0, "percent_statements_covered": 75.0, "percent_statements_covered_display": "75"}, "missing_lines": [998, 999, 1033, 1034, 1035], "excluded_lines": []}, "submit_feedback_handler": {"executed_lines": [], "summary": {"covered_lines": 0, "num_statements": 26, "percent_covered": 0.0, "percent_covered_display": "0", "missing_lines": 26, "excluded_lines": 0, "percent_statements_covered": 0.0, "percent_statements_covered_display": "0"}, "missing_lines": [1068, 1069, 1070, 1072, 1073, 1075, 1082, 1084, 1085, 1090, 1098, 1099, 1101, 1102, 1103, 1105, 1108, 1109, 1117, 1119, 1128, 1136, 1137, 1138, 1139, 1140], "excluded_lines": []}, "get_feedback_stats_handler": {"executed_lines": [], "summary": {"covered_lines": 0, "num_statements": 21, "percent_covered": 0.0, "percent_covered_display": "0", "missing_lines": 21, "excluded_lines": 0, "percent_statements_covered": 0.0, "percent_statements_covered_display": "0"}, "missing_lines": [1162, 1163, 1164, 1166, 1167, 1169, 1175, 1177, 1178, 1180, 1181, 1182, 1185, 1186, 1188, 1198, 1207, 1208, 1209, 1210, 1211], "excluded_lines": []}, "health_check_handler": {"executed_lines": [1233, 1234, 1235, 1237, 1238, 1240, 1243, 1246, 1247, 1248, 1250, 1251, 1252, 1253, 1254, 1255, 1258, 1259, 1260, 1262, 1263, 1264, 1265, 1266, 1267, 1268, 1271, 1273, 1282], "summary": {"covered_lines": 29, "num_statements": 29, "percent_covered": 100.0, "percent_covered_display": "100", "missing_lines": 0, "excluded_lines": 0, "percent_statements_covered": 100.0, "percent_statements_covered_display": "100"}, "missing_lines": [], "excluded_lines": []}, "get_api_docs_handler": {"executed_lines": [1301, 1302, 1304, 1307, 1867, 1869], "summary": {"covered_lines": 6, "num_statements": 6, "percent_covered": 100.0, "percent_covered_display": "100", "missing_lines": 0, "excluded_lines": 0, "percent_statements_covered": 100.0, "percent_statements_covered_display": "100"}, "missing_lines": [], "excluded_lines": []}, "cleanup_expired_jobs": {"executed_lines": [1887, 1889, 1891, 1892, 1893, 1896, 1898, 1899, 1900, 1902, 1903, 1905, 1908, 1909, 1910, 1911, 1912, 1913, 1915, 1918, 1919, 1920, 1922, 1923, 1924, 1925, 1927, 1934, 1942, 1943, 1944], "summary": {"covered_lines": 31, "num_statements": 31, "percent_covered": 100.0, "percent_covered_display": "100", "missing_lines": 0, "excluded_lines": 0, "percent_statements_covered": 100.0, "percent_statements_covered_display": "100"}, "missing_lines": [], "excluded_lines": []}, "legacy_generate_handler": {"executed_lines": [1969, 1970, 1972, 1979, 1982, 1990, 1996], "summary": {"covered_lines": 7, "num_statements": 7, "percent_covered": 100.0, "percent_covered_display": "100", "missing_lines": 0, "excluded_lines": 0, "percent_statements_covered": 100.0, "percent_statements_covered_display": "100"}, "missing_lines": [], "excluded_lines": []}, "": {"executed_lines": [1, 7, 8, 9, 17, 18, 19, 20, 21, 22, 23, 24, 26, 29, 113, 212, 266, 352, 407, 518, 585, 638, 694, 743, 913, 972, 1044, 1147, 1221, 1292, 1874, 1953], "summary": {"covered_lines": 31, "num_statements": 31, "percent_covered": 100.0, "percent_covered_display": "100", "missing_lines": 0, "excluded_lines": 0, "percent_statements_covered": 100.0, "percent_statements_covered_display": "100"}, "missing_lines": [], "excluded_lines": []}}, "classes": {"": {"executed_lines": [1, 7, 8, 9, 17, 18, 19, 20, 21, 22, 23, 24, 26, 29, 54, 55, 57, 67, 68, 74, 81, 82, 85, 92, 93, 94, 100, 104, 113, 131, 132, 134, 142, 143, 144, 147, 148, 150, 151, 158, 159, 160, 162, 163, 168, 171, 172, 176, 180, 191, 197, 203, 204, 205, 212, 225, 226, 228, 230, 231, 232, 234, 235, 236, 238, 240, 255, 256, 257, 258, 259, 266, 283, 284, 286, 293, 294, 297, 298, 299, 300, 303, 304, 306, 307, 322, 324, 326, 341, 342, 352, 368, 369, 371, 373, 374, 377, 378, 379, 380, 383, 385, 387, 394, 395, 407, 429, 430, 431, 432, 433, 434, 436, 437, 439, 446, 448, 449, 451, 452, 453, 456, 457, 464, 476, 486, 487, 489, 496, 507, 508, 518, 532, 533, 535, 536, 538, 545, 546, 547, 549, 563, 570, 585, 598, 599, 601, 602, 604, 606, 607, 608, 610, 611, 612, 614, 616, 627, 628, 638, 653, 655, 656, 658, 660, 661, 664, 665, 670, 672, 674, 694, 711, 713, 715, 716, 718, 722, 725, 726, 727, 729, 736, 743, 782, 783, 785, 786, 788, 797, 799, 800, 801, 803, 804, 810, 817, 818, 821, 822, 828, 829, 835, 847, 848, 855, 856, 857, 862, 863, 878, 879, 881, 892, 899, 900, 913, 928, 930, 931, 933, 935, 936, 937, 939, 940, 941, 943, 946, 947, 949, 961, 962, 972, 988, 989, 991, 993, 994, 995, 997, 1002, 1003, 1009, 1020, 1022, 1024, 1031, 1032, 1044, 1147, 1221, 1233, 1234, 1235, 1237, 1238, 1240, 1243, 1246, 1247, 1248, 1250, 1251, 1252, 1253, 1254, 1255, 1258, 1259, 1260, 1262, 1263, 1264, 1265, 1266, 1267, 1268, 1271, 1273, 1282, 1292, 1301, 1302, 1304, 1307, 1867, 1869, 1874, 1887, 1889, 1891, 1892, 1893, 1896, 1898, 1899, 1900, 1902, 1903, 1905, 1908, 1909, 1910, 1911, 1912, 1913, 1915, 1918, 1919, 1920, 1922, 1923, 1924, 1925, 1927, 1934, 1942, 1943, 1944, 1953, 1969, 1970, 1972, 1979, 1982, 1990, 1996], "summary": {"covered_lines": 327, "num_statements": 410, "percent_covered": 79.7560975609756, "percent_covered_display": "80", "missing_lines": 83, "excluded_lines": 0, "percent_statements_covered": 79.7560975609756, "percent_statements_covered_display": "80"}, "missing_lines": [343, 344, 345, 396, 397, 398, 509, 510, 511, 576, 577, 578, 629, 630, 631, 666, 667, 681, 682, 683, 684, 685, 719, 858, 859, 901, 902, 903, 963, 964, 965, 998, 999, 1033, 1034, 1035, 1068, 1069, 1070, 1072, 1073, 1075, 1082, 1084, 1085, 1090, 1098, 1099, 1101, 1102, 1103, 1105, 1108, 1109, 1117, 1119, 1128, 1136, 1137, 1138, 1139, 1140, 1162, 1163, 1164, 1166, 1167, 1169, 1175, 1177, 1178, 1180, 1181, 1182, 1185, 1186, 1188, 1198, 1207, 1208, 1209, 1210, 1211], "excluded_lines": []}}}, "src\\mobius\\api\\schemas.py": {"executed_lines": [1, 7, 8, 9, 13, 14, 16, 17, 18, 19, 20, 21, 29, 30, 41, 42, 44, 45, 46, 47, 48, 49, 51, 52, 63, 64, 66, 67, 71, 72, 74, 75, 76, 77, 78, 80, 81, 93, 94, 96, 97, 98, 99, 100, 101, 104, 105, 107, 108, 109, 112, 113, 115, 116, 117, 118, 119, 120, 121, 122, 123, 124, 125, 126, 129, 130, 132, 133, 137, 138, 140, 141, 142, 145, 146, 148, 149, 150, 151, 152, 153, 154, 155, 158, 159, 161, 162, 163, 167, 168, 170, 171, 172, 175, 176, 178, 179, 180, 181, 182, 185, 186, 188, 189, 190, 191, 192, 196, 197, 199, 200, 201, 202, 203, 204, 205, 206, 207, 211, 212, 214, 215, 216, 217, 218, 219, 222, 223, 225, 226, 227, 228, 232, 233, 235, 239, 243, 249, 250, 258, 259, 261, 262, 263, 264, 265, 266, 267, 268, 271, 272, 274, 275, 276, 277, 278, 279, 280, 281, 284, 285, 287, 288, 289, 290, 293, 294, 296, 297, 298, 299, 300, 301, 302, 304, 305, 327, 328, 330, 331, 332, 333, 336, 337, 339, 340, 341, 342, 345, 346, 348, 349, 350, 351, 352, 353, 354, 357, 358, 360, 361, 362, 363, 365, 366], "summary": {"covered_lines": 178, "num_statements": 178, "percent_covered": 100.0, "percent_covered_display": "100", "missing_lines": 0, "excluded_lines": 0, "percent_statements_covered": 100.0, "percent_statements_covered_display": "100"}, "missing_lines": [], "excluded_lines": [], "functions": {"": {"executed_lines": [1, 7, 8, 9, 13, 14, 16, 17, 18, 19, 20, 21, 29, 30, 41, 42, 44, 45, 46, 47, 48, 49, 51, 52, 63, 64, 66, 67, 71, 72, 74, 75, 76, 77, 78, 80, 81, 93, 94, 96, 97, 98, 99, 100, 101, 104, 105, 107, 108, 109, 112, 113, 115, 116, 117, 118, 119, 120, 121, 122, 123, 124, 125, 126, 129, 130, 132, 133, 137, 138, 140, 141, 142, 145, 146, 148, 149, 150, 151, 152, 153, 154, 155, 158, 159, 161, 162, 163, 167, 168, 170, 171, 172, 175, 176, 178, 179, 180, 181, 182, 185, 186, 188, 189, 190, 191, 192, 196, 197, 199, 200, 201, 202, 203, 204, 205, 206, 207, 211, 212, 214, 215, 216, 217, 218, 219, 222, 223, 225, 226, 227, 228, 232, 233, 235, 239, 243, 249, 250, 258, 259, 261, 262, 263, 264, 265, 266, 267, 268, 271, 272, 274, 275, 276, 277, 278, 279, 280, 281, 284, 285, 287, 288, 289, 290, 293, 294, 296, 297, 298, 299, 300, 301, 302, 304, 305, 327, 328, 330, 331, 332, 333, 336, 337, 339, 340, 341, 342, 345, 346, 348, 349, 350, 351, 352, 353, 354, 357, 358, 360, 361, 362, 363, 365, 366], "summary": {"covered_lines": 178, "num_statements": 178, "percent_covered": 100.0, "percent_covered_display": "100", "missing_lines": 0, "excluded_lines": 0, "percent_statements_covered": 100.0, "percent_statements_covered_display": "100"}, "missing_lines": [], "excluded_lines": []}}, "classes": {"GenerateRequest": {"executed_lines": [], "summary": {"covered_lines": 0, "num_statements": 0, "percent_covered": 100.0, "percent_covered_display": "100", "missing_lines": 0, "excluded_lines": 0, "percent_statements_covered": 100.0, "percent_statements_covered_display": "100"}, "missing_lines": [], "excluded_lines": []}, "GenerateRequest.Config": {"executed_lines": [], "summary": {"covered_lines": 0, "num_statements": 0, "percent_covered": 100.0, "percent_covered_display": "100", "missing_lines": 0, "excluded_lines": 0, "percent_statements_covered": 100.0, "percent_statements_covered_display": "100"}, "missing_lines": [], "excluded_lines": []}, "GenerateResponse": {"executed_lines": [], "summary": {"covered_lines": 0, "num_statements": 0, "percent_covered": 100.0, "percent_covered_display": "100", "missing_lines": 0, "excluded_lines": 0, "percent_statements_covered": 100.0, "percent_statements_covered_display": "100"}, "missing_lines": [], "excluded_lines": []}, "GenerateResponse.Config": {"executed_lines": [], "summary": {"covered_lines": 0, "num_statements": 0, "percent_covered": 100.0, "percent_covered_display": "100", "missing_lines": 0, "excluded_lines": 0, "percent_statements_covered": 100.0, "percent_statements_covered_display": "100"}, "missing_lines": [], "excluded_lines": []}, "IngestBrandRequest": {"executed_lines": [], "summary": {"covered_lines": 0, "num_statements": 0, "percent_covered": 100.0, "percent_covered_display": "100", "missing_lines": 0, "excluded_lines": 0, "percent_statements_covered": 100.0, "percent_statements_covered_display": "100"}, "missing_lines": [], "excluded_lines": []}, "IngestBrandResponse": {"executed_lines": [], "summary": {"covered_lines": 0, "num_statements": 0, "percent_covered": 100.0, "percent_covered_display": "100", "missing_lines": 0, "excluded_lines": 0, "percent_statements_covered": 100.0, "percent_statements_covered_display": "100"}, "missing_lines": [], "excluded_lines": []}, "IngestBrandResponse.Config": {"executed_lines": [], "summary": {"covered_lines": 0, "num_statements": 0, "percent_covered": 100.0, "percent_covered_display": "100", "missing_lines": 0, "excluded_lines": 0, "percent_statements_covered": 100.0, "percent_statements_covered_display": "100"}, "missing_lines": [], "excluded_lines": []}, "BrandListItem": {"executed_lines": [], "summary": {"covered_lines": 0, "num_statements": 0, "percent_covered": 100.0, "percent_covered_display": "100", "missing_lines": 0, "excluded_lines": 0, "percent_statements_covered": 100.0, "percent_statements_covered_display": "100"}, "missing_lines": [], "excluded_lines": []}, "BrandListResponse": {"executed_lines": [], "summary": {"covered_lines": 0, "num_statements": 0, "percent_covered": 100.0, "percent_covered_display": "100", "missing_lines": 0, "excluded_lines": 0, "percent_statements_covered": 100.0, "percent_statements_covered_display": "100"}, "missing_lines": [], "excluded_lines": []}, "BrandDetailResponse": {"executed_lines": [], "summary": {"covered_lines": 0, "num_statements": 0, "percent_covered": 100.0, "percent_covered_display": "100", "missing_lines": 0, "excluded_lines": 0, "percent_statements_covered": 100.0, "percent_statements_covered_display": "100"}, "missing_lines": [], "excluded_lines": []}, "UpdateBrandRequest": {"executed_lines": [], "summary": {"covered_lines": 0, "num_statements": 0, "percent_covered": 100.0, "percent_covered_display": "100", "missing_lines": 0, "excluded_lines": 0, "percent_statements_covered": 100.0, "percent_statements_covered_display": "100"}, "missing_lines": [], "excluded_lines": []}, "SaveTemplateRequest": {"executed_lines": [], "summary": {"covered_lines": 0, "num_statements": 0, "percent_covered": 100.0, "percent_covered_display": "100", "missing_lines": 0, "excluded_lines": 0, "percent_statements_covered": 100.0, "percent_statements_covered_display": "100"}, "missing_lines": [], "excluded_lines": []}, "TemplateResponse": {"executed_lines": [], "summary": {"covered_lines": 0, "num_statements": 0, "percent_covered": 100.0, "percent_covered_display": "100", "missing_lines": 0, "excluded_lines": 0, "percent_statements_covered": 100.0, "percent_statements_covered_display": "100"}, "missing_lines": [], "excluded_lines": []}, "TemplateListResponse": {"executed_lines": [], "summary": {"covered_lines": 0, "num_statements": 0, "percent_covered": 100.0, "percent_covered_display": "100", "missing_lines": 0, "excluded_lines": 0, "percent_statements_covered": 100.0, "percent_statements_covered_display": "100"}, "missing_lines": [], "excluded_lines": []}, "SubmitFeedbackRequest": {"executed_lines": [], "summary": {"covered_lines": 0, "num_statements": 0, "percent_covered": 100.0, "percent_covered_display": "100", "missing_lines": 0, "excluded_lines": 0, "percent_statements_covered": 100.0, "percent_statements_covered_display": "100"}, "missing_lines": [], "excluded_lines": []}, "FeedbackResponse": {"executed_lines": [], "summary": {"covered_lines": 0, "num_statements": 0, "percent_covered": 100.0, "percent_covered_display": "100", "missing_lines": 0, "excluded_lines": 0, "percent_statements_covered": 100.0, "percent_statements_covered_display": "100"}, "missing_lines": [], "excluded_lines": []}, "FeedbackStatsResponse": {"executed_lines": [], "summary": {"covered_lines": 0, "num_statements": 0, "percent_covered": 100.0, "percent_covered_display": "100", "missing_lines": 0, "excluded_lines": 0, "percent_statements_covered": 100.0, "percent_statements_covered_display": "100"}, "missing_lines": [], "excluded_lines": []}, "JobStatusResponse": {"executed_lines": [], "summary": {"covered_lines": 0, "num_statements": 0, "percent_covered": 100.0, "percent_covered_display": "100", "missing_lines": 0, "excluded_lines": 0, "percent_statements_covered": 100.0, "percent_statements_covered_display": "100"}, "missing_lines": [], "excluded_lines": []}, "HealthCheckResponse": {"executed_lines": [], "summary": {"covered_lines": 0, "num_statements": 0, "percent_covered": 100.0, "percent_covered_display": "100", "missing_lines": 0, "excluded_lines": 0, "percent_statements_covered": 100.0, "percent_statements_covered_display": "100"}, "missing_lines": [], "excluded_lines": []}, "CancelJobResponse": {"executed_lines": [], "summary": {"covered_lines": 0, "num_statements": 0, "percent_covered": 100.0, "percent_covered_display": "100", "missing_lines": 0, "excluded_lines": 0, "percent_statements_covered": 100.0, "percent_statements_covered_display": "100"}, "missing_lines": [], "excluded_lines": []}, "UpdateLearningSettingsRequest": {"executed_lines": [], "summary": {"covered_lines": 0, "num_statements": 0, "percent_covered": 100.0, "percent_covered_display": "100", "missing_lines": 0, "excluded_lines": 0, "percent_statements_covered": 100.0, "percent_statements_covered_display": "100"}, "missing_lines": [], "excluded_lines": []}, "UpdateLearningSettingsRequest.Config": {"executed_lines": [], "summary": {"covered_lines": 0, "num_statements": 0, "percent_covered": 100.0, "percent_covered_display": "100", "missing_lines": 0, "excluded_lines": 0, "percent_statements_covered": 100.0, "percent_statements_covered_display": "100"}, "missing_lines": [], "excluded_lines": []}, "LearningSettingsResponse": {"executed_lines": [], "summary": {"covered_lines": 0, "num_statements": 0, "percent_covered": 100.0, "percent_covered_display": "100", "missing_lines": 0, "excluded_lines": 0, "percent_statements_covered": 100.0, "percent_statements_covered_display": "100"}, "missing_lines": [], "excluded_lines": []}, "BrandPatternResponse": {"executed_lines": [], "summary": {"covered_lines": 0, "num_statements": 0, "percent_covered": 100.0, "percent_covered_display": "100", "missing_lines": 0, "excluded_lines": 0, "percent_statements_covered": 100.0, "percent_statements_covered_display": "100"}, "missing_lines": [], "excluded_lines": []}, "LearningPatternsResponse": {"executed_lines": [], "summary": {"covered_lines": 0, "num_statements": 0, "percent_covered": 100.0, "percent_covered_display": "100", "missing_lines": 0, "excluded_lines": 0, "percent_statements_covered": 100.0, "percent_statements_covered_display": "100"}, "missing_lines": [], "excluded_lines": []}, "LearningDashboardResponse": {"executed_lines": [], "summary": {"covered_lines": 0, "num_statements": 0, "percent_covered": 100.0, "percent_covered_display": "100", "missing_lines": 0, "excluded_lines": 0, "percent_statements_covered": 100.0, "percent_statements_covered_display": "100"}, "missing_lines": [], "excluded_lines": []}, "LearningDashboardResponse.Config": {"executed_lines": [], "summary": {"covered_lines": 0, "num_statements": 0, "percent_covered": 100.0, "percent_covered_display": "100", "missing_lines": 0, "excluded_lines": 0, "percent_statements_covered": 100.0, "percent_statements_covered_display": "100"}, "missing_lines": [], "excluded_lines": []}, "LearningAuditLogEntry": {"executed_lines": [], "summary": {"covered_lines": 0, "num_statements": 0, "percent_covered": 100.0, "percent_covered_display": "100", "missing_lines": 0, "excluded_lines": 0, "percent_statements_covered": 100.0, "percent_statements_covered_display": "100"}, "missing_lines": [], "excluded_lines": []}, "LearningAuditLogResponse": {"executed_lines": [], "summary": {"covered_lines": 0, "num_statements": 0, "percent_covered": 100.0, "percent_covered_display": "100", "missing_lines": 0, "excluded_lines": 0, "percent_statements_covered": 100.0, "percent_statements_covered_display": "100"}, "missing_lines": [], "excluded_lines": []}, "ExportLearningDataResponse": {"executed_lines": [], "summary": {"covered_lines": 0, "num_statements": 0, "percent_covered": 100.0, "percent_covered_display": "100", "missing_lines": 0, "excluded_lines": 0, "percent_statements_covered": 100.0, "percent_statements_covered_display": "100"}, "missing_lines": [], "excluded_lines": []}, "DeleteLearningDataResponse": {"executed_lines": [], "summary": {"covered_lines": 0, "num_statements": 0, "percent_covered": 100.0, "percent_covered_display": "100", "missing_lines": 0, "excluded_lines": 0, "percent_statements_covered": 100.0, "percent_statements_covered_display": "100"}, "missing_lines": [], "excluded_lines": []}, "DeleteLearningDataResponse.Config": {"executed_lines": [], "summary": {"covered_lines": 0, "num_statements": 0, "percent_covered": 100.0, "percent_covered_display": "100", "missing_lines": 0, "excluded_lines": 0, "percent_statements_covered": 100.0, "percent_statements_covered_display": "100"}, "missing_lines": [], "excluded_lines": []}, "": {"executed_lines": [1, 7, 8, 9, 13, 14, 16, 17, 18, 19, 20, 21, 29, 30, 41, 42, 44, 45, 46, 47, 48, 49, 51, 52, 63, 64, 66, 67, 71, 72, 74, 75, 76, 77, 78, 80, 81, 93, 94, 96, 97, 98, 99, 100, 101, 104, 105, 107, 108, 109, 112, 113, 115, 116, 117, 118, 119, 120, 121, 122, 123, 124, 125, 126, 129, 130, 132, 133, 137, 138, 140, 141, 142, 145, 146, 148, 149, 150, 151, 152, 153, 154, 155, 158, 159, 161, 162, 163, 167, 168, 170, 171, 172, 175, 176, 178, 179, 180, 181, 182, 185, 186, 188, 189, 190, 191, 192, 196, 197, 199, 200, 201, 202, 203, 204, 205, 206, 207, 211, 212, 214, 215, 216, 217, 218, 219, 222, 223, 225, 226, 227, 228, 232, 233, 235, 239, 243, 249, 250, 258, 259, 261, 262, 263, 264, 265, 266, 267, 268, 271, 272, 274, 275, 276, 277, 278, 279, 280, 281, 284, 285, 287, 288, 289, 290, 293, 294, 296, 297, 298, 299, 300, 301, 302, 304, 305, 327, 328, 330, 331, 332, 333, 336, 337, 339, 340, 341, 342, 345, 346, 348, 349, 350, 351, 352, 353, 354, 357, 358, 360, 361, 362, 363, 365, 366], "summary": {"covered_lines": 178, "num_statements": 178, "percent_covered": 100.0, "percent_covered_display": "100", "missing_lines": 0, "excluded_lines": 0, "percent_statements_covered": 100.0, "percent_statements_covered_display": "100"}, "missing_lines": [], "excluded_lines": []}}}, "src\\mobius\\api\\utils.py": {"executed_lines": [1, 7, 8, 9, 12, 15, 22, 25, 32, 35, 42], "summary": {"covered_lines": 10, "num_statements": 10, "percent_covered": 100.0, "percent_covered_display": "100", "missing_lines": 0, "excluded_lines": 0, "percent_statements_covered": 100.0, "percent_statements_covered_display": "100"}, "missing_lines": [], "excluded_lines": [], "functions": {"generate_request_id": {"executed_lines": [22], "summary": {"covered_lines": 1, "num_statements": 1, "percent_covered": 100.0, "percent_covered_display": "100", "missing_lines": 0, "excluded_lines": 0, "percent_statements_covered": 100.0, "percent_statements_covered_display": "100"}, "missing_lines": [], "excluded_lines": []}, "get_request_id": {"executed_lines": [32], "summary": {"covered_lines": 1, "num_statements": 1, "percent_covered": 100.0, "percent_covered_display": "100", "missing_lines": 0, "excluded_lines": 0, "percent_statements_covered": 100.0, "percent_statements_covered_display": "100"}, "missing_lines": [], "excluded_lines": []}, "set_request_id": {"executed_lines": [42], "summary": {"covered_lines": 1, "num_statements": 1, "percent_covered": 100.0, "percent_covered_display": "100", "missing_lines": 0, "excluded_lines": 0, "percent_statements_covered": 100.0, "percent_statements_covered_display": "100"}, "missing_lines": [], "excluded_lines": []}, "": {"executed_lines": [1, 7, 8, 9, 12, 15, 25, 35], "summary": {"covered_lines": 7, "num_statements": 7, "percent_covered": 100.0, "percent_covered_display": "100", "missing_lines": 0, "excluded_lines": 0, "percent_statements_covered": 100.0, "percent_statements_covered_display": "100"}, "missing_lines": [], "excluded_lines": []}}, "classes": {"": {"executed_lines": [1, 7, 8, 9, 12, 15, 22, 25, 32, 35, 42], "summary": {"covered_lines": 10, "num_statements": 10, "percent_covered": 100.0, "percent_covered_display": "100", "missing_lines": 0, "excluded_lines": 0, "percent_statements_covered": 100.0, "percent_statements_covered_display": "100"}, "missing_lines": [], "excluded_lines": []}}}, "src\\mobius\\api\\webhooks.py": {"executed_lines": [1, 7, 8, 9, 10, 11, 13, 16, 46, 47, 51, 53, 62, 63, 64, 65, 67, 74, 76, 85, 93, 94, 103, 105, 106, 114, 117, 126, 133, 136, 157, 159, 166, 174, 181, 182, 183, 184, 185, 196], "summary": {"covered_lines": 39, "num_statements": 43, "percent_covered": 90.69767441860465, "percent_covered_display": "91", "missing_lines": 4, "excluded_lines": 0, "percent_statements_covered": 90.69767441860465, "percent_statements_covered_display": "91"}, "missing_lines": [77, 86, 189, 190], "excluded_lines": [], "functions": {"deliver_webhook": {"executed_lines": [46, 47, 51, 53, 62, 63, 64, 65, 67, 74, 76, 85, 93, 94, 103, 105, 106, 114, 117, 126, 133], "summary": {"covered_lines": 21, "num_statements": 23, "percent_covered": 91.30434782608695, "percent_covered_display": "91", "missing_lines": 2, "excluded_lines": 0, "percent_statements_covered": 91.30434782608695, "percent_statements_covered_display": "91"}, "missing_lines": [77, 86], "excluded_lines": []}, "notify_job_completion": {"executed_lines": [157, 159, 166, 174, 181, 182, 183, 184, 185, 196], "summary": {"covered_lines": 10, "num_statements": 12, "percent_covered": 83.33333333333333, "percent_covered_display": "83", "missing_lines": 2, "excluded_lines": 0, "percent_statements_covered": 83.33333333333333, "percent_statements_covered_display": "83"}, "missing_lines": [189, 190], "excluded_lines": []}, "": {"executed_lines": [1, 7, 8, 9, 10, 11, 13, 16, 136], "summary": {"covered_lines": 8, "num_statements": 8, "percent_covered": 100.0, "percent_covered_display": "100", "missing_lines": 0, "excluded_lines": 0, "percent_statements_covered": 100.0, "percent_statements_covered_display": "100"}, "missing_lines": [], "excluded_lines": []}}, "classes": {"": {"executed_lines": [1, 7, 8, 9, 10, 11, 13, 16, 46, 47, 51, 53, 62, 63, 64, 65, 67, 74, 76, 85, 93, 94, 103, 105, 106, 114, 117, 126, 133, 136, 157, 159, 166, 174, 181, 182, 183, 184, 185, 196], "summary": {"covered_lines": 39, "num_statements": 43, "percent_covered": 90.69767441860465, "percent_covered_display": "91", "missing_lines": 4, "excluded_lines": 0, "percent_statements_covered": 90.69767441860465, "percent_statements_covered_display": "91"}, "missing_lines": [77, 86, 189, 190], "excluded_lines": []}}}, "src\\mobius\\config.py": {"executed_lines": [1, 7, 8, 9, 10, 11, 14, 15, 18, 19, 20, 21, 24, 25, 26, 27, 28, 31, 32, 34, 35, 36, 43, 44, 50, 52, 61], "summary": {"covered_lines": 25, "num_statements": 25, "percent_covered": 100.0, "percent_covered_display": "100", "missing_lines": 0, "excluded_lines": 0, "percent_statements_covered": 100.0, "percent_statements_covered_display": "100"}, "missing_lines": [], "excluded_lines": [], "functions": {"Settings.validate_pooler_url": {"executed_lines": [43, 44, 50], "summary": {"covered_lines": 3, "num_statements": 3, "percent_covered": 100.0, "percent_covered_display": "100", "missing_lines": 0, "excluded_lines": 0, "percent_statements_covered": 100.0, "percent_statements_covered_display": "100"}, "missing_lines": [], "excluded_lines": []}, "": {"executed_lines": [1, 7, 8, 9, 10, 11, 14, 15, 18, 19, 20, 21, 24, 25, 26, 27, 28, 31, 32, 34, 35, 36, 52, 61], "summary": {"covered_lines": 22, "num_statements": 22, "percent_covered": 100.0, "percent_covered_display": "100", "missing_lines": 0, "excluded_lines": 0, "percent_statements_covered": 100.0, "percent_statements_covered_display": "100"}, "missing_lines": [], "excluded_lines": []}}, "classes": {"Settings": {"executed_lines": [43, 44, 50], "summary": {"covered_lines": 3, "num_statements": 3, "percent_covered": 100.0, "percent_covered_display": "100", "missing_lines": 0, "excluded_lines": 0, "percent_statements_covered": 100.0, "percent_statements_covered_display": "100"}, "missing_lines": [], "excluded_lines": []}, "": {"executed_lines": [1, 7, 8, 9, 10, 11, 14, 15, 18, 19, 20, 21, 24, 25, 26, 27, 28, 31, 32, 34, 35, 36, 52, 61], "summary": {"covered_lines": 22, "num_statements": 22, "percent_covered": 100.0, "percent_covered_display": "100", "missing_lines": 0, "excluded_lines": 0, "percent_statements_covered": 100.0, "percent_statements_covered_display": "100"}, "missing_lines": [], "excluded_lines": []}}}, "src\\mobius\\constants.py": {"executed_lines": [1, 8, 9, 12, 13, 16, 17, 18, 26, 27, 28, 31, 34, 35, 38, 39], "summary": {"covered_lines": 15, "num_statements": 15, "percent_covered": 100.0, "percent_covered_display": "100", "missing_lines": 0, "excluded_lines": 0, "percent_statements_covered": 100.0, "percent_statements_covered_display": "100"}, "missing_lines": [], "excluded_lines": [], "functions": {"": {"executed_lines": [1, 8, 9, 12, 13, 16, 17, 18, 26, 27, 28, 31, 34, 35, 38, 39], "summary": {"covered_lines": 15, "num_statements": 15, "percent_covered": 100.0, "percent_covered_display": "100", "missing_lines": 0, "excluded_lines": 0, "percent_statements_covered": 100.0, "percent_statements_covered_display": "100"}, "missing_lines": [], "excluded_lines": []}}, "classes": {"": {"executed_lines": [1, 8, 9, 12, 13, 16, 17, 18, 26, 27, 28, 31, 34, 35, 38, 39], "summary": {"covered_lines": 15, "num_statements": 15, "percent_covered": 100.0, "percent_covered_display": "100", "missing_lines": 0, "excluded_lines": 0, "percent_statements_covered": 100.0, "percent_statements_covered_display": "100"}, "missing_lines": [], "excluded_lines": []}}}, "src\\mobius\\graphs\\__init__.py": {"executed_lines": [1, 7, 9], "summary": {"covered_lines": 2, "num_statements": 2, "percent_covered": 100.0, "percent_covered_display": "100", "missing_lines": 0, "excluded_lines": 0, "percent_statements_covered": 100.0, "percent_statements_covered_display": "100"}, "missing_lines": [], "excluded_lines": [], "functions": {"": {"executed_lines": [1, 7, 9], "summary": {"covered_lines": 2, "num_statements": 2, "percent_covered": 100.0, "percent_covered_display": "100", "missing_lines": 0, "excluded_lines": 0, "percent_statements_covered": 100.0, "percent_statements_covered_display": "100"}, "missing_lines": [], "excluded_lines": []}}, "classes": {"": {"executed_lines": [1, 7, 9], "summary": {"covered_lines": 2, "num_statements": 2, "percent_covered": 100.0, "percent_covered_display": "100", "missing_lines": 0, "excluded_lines": 0, "percent_statements_covered": 100.0, "percent_statements_covered_display": "100"}, "missing_lines": [], "excluded_lines": []}}}, "src\\mobius\\graphs\\generation.py": {"executed_lines": [1, 8, 9, 10, 11, 12, 15, 43, 44, 46, 47, 48, 50, 53, 102], "summary": {"covered_lines": 14, "num_statements": 24, "percent_covered": 58.333333333333336, "percent_covered_display": "58", "missing_lines": 10, "excluded_lines": 0, "percent_statements_covered": 58.333333333333336, "percent_statements_covered_display": "58"}, "missing_lines": [95, 134, 135, 136, 138, 140, 142, 153, 178, 185], "excluded_lines": [], "functions": {"route_after_audit": {"executed_lines": [43, 44, 46, 47, 48, 50], "summary": {"covered_lines": 6, "num_statements": 6, "percent_covered": 100.0, "percent_covered_display": "100", "missing_lines": 0, "excluded_lines": 0, "percent_statements_covered": 100.0, "percent_statements_covered_display": "100"}, "missing_lines": [], "excluded_lines": []}, "create_generation_workflow": {"executed_lines": [], "summary": {"covered_lines": 0, "num_statements": 1, "percent_covered": 0.0, "percent_covered_display": "0", "missing_lines": 1, "excluded_lines": 0, "percent_statements_covered": 0.0, "percent_statements_covered_display": "0"}, "missing_lines": [95], "excluded_lines": []}, "run_generation_workflow": {"executed_lines": [], "summary": {"covered_lines": 0, "num_statements": 9, "percent_covered": 0.0, "percent_covered_display": "0", "missing_lines": 9, "excluded_lines": 0, "percent_statements_covered": 0.0, "percent_statements_covered_display": "0"}, "missing_lines": [134, 135, 136, 138, 140, 142, 153, 178, 185], "excluded_lines": []}, "": {"executed_lines": [1, 8, 9, 10, 11, 12, 15, 53, 102], "summary": {"covered_lines": 8, "num_statements": 8, "percent_covered": 100.0, "percent_covered_display": "100", "missing_lines": 0, "excluded_lines": 0, "percent_statements_covered": 100.0, "percent_statements_covered_display": "100"}, "missing_lines": [], "excluded_lines": []}}, "classes": {"": {"executed_lines": [1, 8, 9, 10, 11, 12, 15, 43, 44, 46, 47, 48, 50, 53, 102], "summary": {"covered_lines": 14, "num_statements": 24, "percent_covered": 58.333333333333336, "percent_covered_display": "58", "missing_lines": 10, "excluded_lines": 0, "percent_statements_covered": 58.333333333333336, "percent_statements_covered_display": "58"}, "missing_lines": [95, 134, 135, 136, 138, 140, 142, 153, 178, 185], "excluded_lines": []}}}, "src\\mobius\\graphs\\ingestion.py": {"executed_lines": [1, 13, 14, 15, 16, 18, 21, 34, 36, 39, 40, 41, 44, 47, 51, 57, 59, 60, 63, 73, 75, 76, 77, 79, 80, 81, 88, 101, 103, 108, 109, 112, 133, 141, 154, 156, 157, 159, 166], "summary": {"covered_lines": 38, "num_statements": 45, "percent_covered": 84.44444444444444, "percent_covered_display": "84", "missing_lines": 7, "excluded_lines": 0, "percent_statements_covered": 84.44444444444444, "percent_statements_covered_display": "84"}, "missing_lines": [84, 85, 104, 105, 168, 169, 170], "excluded_lines": [], "functions": {"create_ingestion_workflow": {"executed_lines": [34, 36, 39, 40, 41, 44, 47, 51, 57, 59, 60], "summary": {"covered_lines": 11, "num_statements": 11, "percent_covered": 100.0, "percent_covered_display": "100", "missing_lines": 0, "excluded_lines": 0, "percent_statements_covered": 100.0, "percent_statements_covered_display": "100"}, "missing_lines": [], "excluded_lines": []}, "route_after_text_extraction": {"executed_lines": [73, 75, 76, 77, 79, 80, 81], "summary": {"covered_lines": 7, "num_statements": 9, "percent_covered": 77.77777777777777, "percent_covered_display": "78", "missing_lines": 2, "excluded_lines": 0, "percent_statements_covered": 77.77777777777777, "percent_statements_covered_display": "78"}, "missing_lines": [84, 85], "excluded_lines": []}, "route_after_visual_extraction": {"executed_lines": [101, 103, 108, 109], "summary": {"covered_lines": 4, "num_statements": 6, "percent_covered": 66.66666666666667, "percent_covered_display": "67", "missing_lines": 2, "excluded_lines": 0, "percent_statements_covered": 66.66666666666667, "percent_statements_covered_display": "67"}, "missing_lines": [104, 105], "excluded_lines": []}, "run_ingestion_workflow": {"executed_lines": [133, 141, 154, 156, 157, 159, 166], "summary": {"covered_lines": 7, "num_statements": 10, "percent_covered": 70.0, "percent_covered_display": "70", "missing_lines": 3, "excluded_lines": 0, "percent_statements_covered": 70.0, "percent_statements_covered_display": "70"}, "missing_lines": [168, 169, 170], "excluded_lines": []}, "": {"executed_lines": [1, 13, 14, 15, 16, 18, 21, 63, 88, 112], "summary": {"covered_lines": 9, "num_statements": 9, "percent_covered": 100.0, "percent_covered_display": "100", "missing_lines": 0, "excluded_lines": 0, "percent_statements_covered": 100.0, "percent_statements_covered_display": "100"}, "missing_lines": [], "excluded_lines": []}}, "classes": {"": {"executed_lines": [1, 13, 14, 15, 16, 18, 21, 34, 36, 39, 40, 41, 44, 47, 51, 57, 59, 60, 63, 73, 75, 76, 77, 79, 80, 81, 88, 101, 103, 108, 109, 112, 133, 141, 154, 156, 157, 159, 166], "summary": {"covered_lines": 38, "num_statements": 45, "percent_covered": 84.44444444444444, "percent_covered_display": "84", "missing_lines": 7, "excluded_lines": 0, "percent_statements_covered": 84.44444444444444, "percent_statements_covered_display": "84"}, "missing_lines": [84, 85, 104, 105, 168, 169, 170], "excluded_lines": []}}}, "src\\mobius\\learning\\__init__.py": {"executed_lines": [1, 8, 9, 11], "summary": {"covered_lines": 3, "num_statements": 3, "percent_covered": 100.0, "percent_covered_display": "100", "missing_lines": 0, "excluded_lines": 0, "percent_statements_covered": 100.0, "percent_statements_covered_display": "100"}, "missing_lines": [], "excluded_lines": [], "functions": {"": {"executed_lines": [1, 8, 9, 11], "summary": {"covered_lines": 3, "num_statements": 3, "percent_covered": 100.0, "percent_covered_display": "100", "missing_lines": 0, "excluded_lines": 0, "percent_statements_covered": 100.0, "percent_statements_covered_display": "100"}, "missing_lines": [], "excluded_lines": []}}, "classes": {"": {"executed_lines": [1, 8, 9, 11], "summary": {"covered_lines": 3, "num_statements": 3, "percent_covered": 100.0, "percent_covered_display": "100", "missing_lines": 0, "excluded_lines": 0, "percent_statements_covered": 100.0, "percent_statements_covered_display": "100"}, "missing_lines": [], "excluded_lines": []}}}, "src\\mobius\\learning\\dashboard.py": {"executed_lines": [], "summary": {"covered_lines": 0, "num_statements": 77, "percent_covered": 0.0, "percent_covered_display": "0", "missing_lines": 77, "excluded_lines": 0, "percent_statements_covered": 0.0, "percent_statements_covered_display": "0"}, "missing_lines": [9, 10, 11, 13, 14, 15, 16, 18, 21, 29, 30, 31, 32, 34, 44, 47, 48, 49, 52, 53, 54, 57, 60, 63, 72, 74, 81, 91, 96, 110, 116, 117, 123, 124, 134, 135, 136, 137, 138, 146, 153, 160, 161, 164, 188, 193, 204, 206, 254, 256, 261, 263, 265, 267, 269, 270, 271, 272, 273, 274, 276, 278, 280, 286, 288, 290, 293, 294, 296, 297, 298, 299, 300, 301, 302, 303, 305], "excluded_lines": [], "functions": {"LearningDashboard.__init__": {"executed_lines": [], "summary": {"covered_lines": 0, "num_statements": 3, "percent_covered": 0.0, "percent_covered_display": "0", "missing_lines": 3, "excluded_lines": 0, "percent_statements_covered": 0.0, "percent_statements_covered_display": "0"}, "missing_lines": [30, 31, 32], "excluded_lines": []}, "LearningDashboard.get_dashboard_data": {"executed_lines": [], "summary": {"covered_lines": 0, "num_statements": 11, "percent_covered": 0.0, "percent_covered_display": "0", "missing_lines": 11, "excluded_lines": 0, "percent_statements_covered": 0.0, "percent_statements_covered_display": "0"}, "missing_lines": [44, 47, 48, 49, 52, 53, 54, 57, 60, 63, 72], "excluded_lines": []}, "LearningDashboard._build_overview": {"executed_lines": [], "summary": {"covered_lines": 0, "num_statements": 1, "percent_covered": 0.0, "percent_covered_display": "0", "missing_lines": 1, "excluded_lines": 0, "percent_statements_covered": 0.0, "percent_statements_covered_display": "0"}, "missing_lines": [81], "excluded_lines": []}, "LearningDashboard._build_patterns_section": {"executed_lines": [], "summary": {"covered_lines": 0, "num_statements": 1, "percent_covered": 0.0, "percent_covered_display": "0", "missing_lines": 1, "excluded_lines": 0, "percent_statements_covered": 0.0, "percent_statements_covered_display": "0"}, "missing_lines": [96], "excluded_lines": []}, "LearningDashboard._build_data_sources_section": {"executed_lines": [], "summary": {"covered_lines": 0, "num_statements": 10, "percent_covered": 0.0, "percent_covered_display": "0", "missing_lines": 10, "excluded_lines": 0, "percent_statements_covered": 0.0, "percent_statements_covered_display": "0"}, "missing_lines": [116, 117, 123, 124, 134, 135, 136, 137, 138, 146], "excluded_lines": []}, "LearningDashboard._build_impact_metrics": {"executed_lines": [], "summary": {"covered_lines": 0, "num_statements": 3, "percent_covered": 0.0, "percent_covered_display": "0", "missing_lines": 3, "excluded_lines": 0, "percent_statements_covered": 0.0, "percent_statements_covered_display": "0"}, "missing_lines": [160, 161, 164], "excluded_lines": []}, "LearningDashboard._build_audit_log_section": {"executed_lines": [], "summary": {"covered_lines": 0, "num_statements": 1, "percent_covered": 0.0, "percent_covered_display": "0", "missing_lines": 1, "excluded_lines": 0, "percent_statements_covered": 0.0, "percent_statements_covered_display": "0"}, "missing_lines": [193], "excluded_lines": []}, "LearningDashboard._build_actions_section": {"executed_lines": [], "summary": {"covered_lines": 0, "num_statements": 1, "percent_covered": 0.0, "percent_covered_display": "0", "missing_lines": 1, "excluded_lines": 0, "percent_statements_covered": 0.0, "percent_statements_covered_display": "0"}, "missing_lines": [206], "excluded_lines": []}, "LearningDashboard._get_privacy_tier_description": {"executed_lines": [], "summary": {"covered_lines": 0, "num_statements": 2, "percent_covered": 0.0, "percent_covered_display": "0", "missing_lines": 2, "excluded_lines": 0, "percent_statements_covered": 0.0, "percent_statements_covered_display": "0"}, "missing_lines": [256, 261], "excluded_lines": []}, "LearningDashboard._format_pattern_type": {"executed_lines": [], "summary": {"covered_lines": 0, "num_statements": 1, "percent_covered": 0.0, "percent_covered_display": "0", "missing_lines": 1, "excluded_lines": 0, "percent_statements_covered": 0.0, "percent_statements_covered_display": "0"}, "missing_lines": [265], "excluded_lines": []}, "LearningDashboard._generate_pattern_description": {"executed_lines": [], "summary": {"covered_lines": 0, "num_statements": 7, "percent_covered": 0.0, "percent_covered_display": "0", "missing_lines": 7, "excluded_lines": 0, "percent_statements_covered": 0.0, "percent_statements_covered_display": "0"}, "missing_lines": [269, 270, 271, 272, 273, 274, 276], "excluded_lines": []}, "LearningDashboard._format_pattern_details": {"executed_lines": [], "summary": {"covered_lines": 0, "num_statements": 1, "percent_covered": 0.0, "percent_covered_display": "0", "missing_lines": 1, "excluded_lines": 0, "percent_statements_covered": 0.0, "percent_statements_covered_display": "0"}, "missing_lines": [280], "excluded_lines": []}, "LearningDashboard._format_action_name": {"executed_lines": [], "summary": {"covered_lines": 0, "num_statements": 1, "percent_covered": 0.0, "percent_covered_display": "0", "missing_lines": 1, "excluded_lines": 0, "percent_statements_covered": 0.0, "percent_statements_covered_display": "0"}, "missing_lines": [288], "excluded_lines": []}, "LearningDashboard._format_timestamp": {"executed_lines": [], "summary": {"covered_lines": 0, "num_statements": 11, "percent_covered": 0.0, "percent_covered_display": "0", "missing_lines": 11, "excluded_lines": 0, "percent_statements_covered": 0.0, "percent_statements_covered_display": "0"}, "missing_lines": [293, 294, 296, 297, 298, 299, 300, 301, 302, 303, 305], "excluded_lines": []}, "": {"executed_lines": [], "summary": {"covered_lines": 0, "num_statements": 23, "percent_covered": 0.0, "percent_covered_display": "0", "missing_lines": 23, "excluded_lines": 0, "percent_statements_covered": 0.0, "percent_statements_covered_display": "0"}, "missing_lines": [9, 10, 11, 13, 14, 15, 16, 18, 21, 29, 34, 74, 91, 110, 153, 188, 204, 254, 263, 267, 278, 286, 290], "excluded_lines": []}}, "classes": {"LearningDashboard": {"executed_lines": [], "summary": {"covered_lines": 0, "num_statements": 54, "percent_covered": 0.0, "percent_covered_display": "0", "missing_lines": 54, "excluded_lines": 0, "percent_statements_covered": 0.0, "percent_statements_covered_display": "0"}, "missing_lines": [30, 31, 32, 44, 47, 48, 49, 52, 53, 54, 57, 60, 63, 72, 81, 96, 116, 117, 123, 124, 134, 135, 136, 137, 138, 146, 160, 161, 164, 193, 206, 256, 261, 265, 269, 270, 271, 272, 273, 274, 276, 280, 288, 293, 294, 296, 297, 298, 299, 300, 301, 302, 303, 305], "excluded_lines": []}, "": {"executed_lines": [], "summary": {"covered_lines": 0, "num_statements": 23, "percent_covered": 0.0, "percent_covered_display": "0", "missing_lines": 23, "excluded_lines": 0, "percent_statements_covered": 0.0, "percent_statements_covered_display": "0"}, "missing_lines": [9, 10, 11, 13, 14, 15, 16, 18, 21, 29, 34, 74, 91, 110, 153, 188, 204, 254, 263, 267, 278, 286, 290], "excluded_lines": []}}}, "src\\mobius\\learning\\private.py": {"executed_lines": [1, 8, 9, 10, 11, 12, 13, 15, 21, 23, 26, 27, 41, 42, 44, 62, 65, 66, 67, 72, 75, 79, 80, 81, 124, 138, 141, 142, 143, 144, 147, 149, 150, 151, 154, 155, 156, 157, 160, 170, 177, 179, 192, 195, 196, 197, 199, 213, 222, 228, 230, 243, 246, 253, 264, 266, 270, 272, 276, 277, 285, 291, 295, 296, 298, 300, 302, 304, 308, 310, 324, 331, 338, 340, 362, 363, 365, 366, 369, 370, 372, 373, 374, 376, 377, 378, 381, 382, 384, 385, 386, 387, 390, 391, 393, 396, 397, 401, 408, 411, 419, 421, 430, 451, 453, 454, 457, 464, 465, 466, 467, 468, 471, 472, 473, 474, 475, 483, 486, 492, 494, 503, 526, 527, 529, 530, 533, 534, 536, 537, 538, 539, 541, 542, 543, 544, 547, 548, 550, 551, 552, 553, 555, 558, 559, 564, 565, 574, 575, 584, 585, 593, 596, 602, 604, 613, 629, 650, 651, 653, 655, 656, 658, 660, 661, 663, 664, 666, 667, 669, 671, 682, 683, 685, 686, 689, 690, 691, 693, 695, 716, 717, 719, 722, 725, 728, 730, 747, 750, 751, 753, 754, 755, 756, 757, 759, 760, 762, 763, 765, 766, 769, 770, 771, 772, 775, 780, 781, 784, 785, 787, 791, 799, 801, 809, 811, 813, 833, 836, 840, 843, 844, 846, 847, 852, 855, 862, 868, 869, 871, 880, 881, 882, 884, 886, 897, 899, 901, 921, 928, 930, 931, 933, 935, 936, 943, 945, 970, 975, 976, 977, 978, 980, 981, 984, 985, 987, 990, 991, 994, 996, 998, 1002, 1004, 1006, 1017, 1018, 1021, 1022, 1024], "summary": {"covered_lines": 268, "num_statements": 306, "percent_covered": 87.58169934640523, "percent_covered_display": "88", "missing_lines": 38, "excluded_lines": 0, "percent_statements_covered": 87.58169934640523, "percent_statements_covered_display": "88"}, "missing_lines": [83, 84, 87, 88, 89, 92, 93, 94, 97, 98, 99, 102, 103, 104, 107, 116, 122, 280, 313, 314, 319, 321, 322, 409, 484, 556, 594, 620, 622, 623, 625, 627, 672, 674, 675, 841, 872, 999], "excluded_lines": [], "functions": {"PrivateLearningEngine.__init__": {"executed_lines": [42], "summary": {"covered_lines": 1, "num_statements": 1, "percent_covered": 100.0, "percent_covered_display": "100", "missing_lines": 0, "excluded_lines": 0, "percent_statements_covered": 100.0, "percent_statements_covered_display": "100"}, "missing_lines": [], "excluded_lines": []}, "PrivateLearningEngine.extract_patterns": {"executed_lines": [62, 65, 66, 67, 72, 75, 79, 80, 81], "summary": {"covered_lines": 9, "num_statements": 26, "percent_covered": 34.61538461538461, "percent_covered_display": "35", "missing_lines": 17, "excluded_lines": 0, "percent_statements_covered": 34.61538461538461, "percent_statements_covered_display": "35"}, "missing_lines": [83, 84, 87, 88, 89, 92, 93, 94, 97, 98, 99, 102, 103, 104, 107, 116, 122], "excluded_lines": []}, "PrivateLearningEngine.optimize_prompt": {"executed_lines": [138, 141, 
[...]
": {"covered_lines": 5, "num_statements": 6, "percent_covered": 83.33333333333333, "percent_covered_display": "83", "missing_lines": 1, "excluded_lines": 0, "percent_statements_covered": 83.33333333333333, "percent_statements_covered_display": "83"}, "missing_lines": [193], "excluded_lines": []}, "JobStorage.list_expired_jobs": {"executed_lines": [208, 210, 218], "summary": {"covered_lines": 3, "num_statements": 3, "percent_covered": 100.0, "percent_covered_display": "100", "missing_lines": 0, "excluded_lines": 0, "percent_statements_covered": 100.0, "percent_statements_covered_display": "100"}, "missing_lines": [], "excluded_lines": []}, "": {"executed_lines": [1, 7, 8, 9, 10, 11, 13, 16, 17, 19, 22, 48, 68, 102, 143, 172, 198], "summary": {"covered_lines": 15, "num_statements": 15, "percent_covered": 100.0, "percent_covered_display": "100", "missing_lines": 0, "excluded_lines": 0, "percent_statements_covered": 100.0, "percent_statements_covered_display": "100"}, "missing_lines": [], "excluded_lines": []}}, "classes": {"JobStorage": {"executed_lines": [20, 35, 42, 43, 45, 46, 58, 60, 64, 65, 82, 84, 92, 93, 98, 100, 121, 129, 131, 132, 134, 135, 137, 141, 157, 160, 162, 166, 169, 170, 188, 190, 192, 195, 196, 208, 210, 218], "summary": {"covered_lines": 38, "num_statements": 41, "percent_covered": 92.6829268292683, "percent_covered_display": "93", "missing_lines": 3, "excluded_lines": 0, "percent_statements_covered": 92.6829268292683, "percent_statements_covered_display": "93"}, "missing_lines": [66, 167, 193], "excluded_lines": []}, "": {"executed_lines": [1, 7, 8, 9, 10, 11, 13, 16, 17, 19, 22, 48, 68, 102, 143, 172, 198], "summary": {"covered_lines": 15, "num_statements": 15, "percent_covered": 100.0, "percent_covered_display": "100", "missing_lines": 0, "excluded_lines": 0, "percent_statements_covered": 100.0, "percent_statements_covered_display": "100"}, "missing_lines": [], "excluded_lines": []}}}, "src\\mobius\\storage\\learning.py": {"executed_lines": [1, 8, 9, 10, 11, 13, 20, 22, 25, 26, 28, 29, 33, 35, 39, 40, 41, 43, 45, 46, 47, 49, 55, 56, 59, 63, 69, 73, 74, 76, 77, 79, 81, 82, 83, 85, 87, 90, 94, 100, 104, 107, 108, 110, 115, 116, 117, 121, 127, 131, 133, 135, 136, 137], "summary": {"covered_lines": 52, "num_statements": 53, "percent_covered": 98.11320754716981, "percent_covered_display": "98", "missing_lines": 1, "excluded_lines": 0, "percent_statements_covered": 98.11320754716981, "percent_statements_covered_display": "98"}, "missing_lines": [105], "excluded_lines": [], "functions": {"LearningStorage.__init__": {"executed_lines": [29], "summary": {"covered_lines": 1, "num_statements": 1, "percent_covered": 100.0, "percent_covered_display": "100", "missing_lines": 0, "excluded_lines": 0, "percent_statements_covered": 100.0, "percent_statements_covered_display": "100"}, "missing_lines": [], "excluded_lines": []}, "LearningStorage.get_settings": {"executed_lines": [35, 39, 40, 41], "summary": {"covered_lines": 4, "num_statements": 4, "percent_covered": 100.0, "percent_covered_display": "100", "missing_lines": 0, "excluded_lines": 0, "percent_statements_covered": 100.0, "percent_statements_covered_display": "100"}, "missing_lines": [], "excluded_lines": []}, "LearningStorage.create_settings": {"executed_lines": [45, 46, 47], "summary": {"covered_lines": 3, "num_statements": 3, "percent_covered": 100.0, "percent_covered_display": "100", "missing_lines": 0, "excluded_lines": 0, "percent_statements_covered": 100.0, "percent_statements_covered_display": "100"}, "missing_lines": [], "excluded_lines": []}, "LearningStorage.update_settings": {"executed_lines": [55, 56, 59], "summary": {"covered_lines": 3, "num_statements": 3, "percent_covered": 100.0, "percent_covered_display": "100", "missing_lines": 0, "excluded_lines": 0, "percent_statements_covered": 100.0, "percent_statements_covered_display": "100"}, "missing_lines": [], "excluded_lines": []}, "LearningStorage.get_brand_patterns": {"executed_lines": [69, 73, 74, 76, 77], "summary": {"covered_lines": 5, "num_statements": 5, "percent_covered": 100.0, "percent_covered_display": "100", "missing_lines": 0, "excluded_lines": 0, "percent_statements_covered": 100.0, "percent_statements_covered_display": "100"}, "missing_lines": [], "excluded_lines": []}, "LearningStorage.create_brand_pattern": {"executed_lines": [81, 82, 83], "summary": {"covered_lines": 3, "num_statements": 3, "percent_covered": 100.0, "percent_covered_display": "100", "missing_lines": 0, "excluded_lines": 0, "percent_statements_covered": 100.0, "percent_statements_covered_display": "100"}, "missing_lines": [], "excluded_lines": []}, "LearningStorage.delete_brand_patterns": {"executed_lines": [87, 90], "summary": {"covered_lines": 2, "num_statements": 2, "percent_covered": 100.0, "percent_covered_display": "100", "missing_lines": 0, "excluded_lines": 0, "percent_statements_covered": 100.0, "percent_statements_covered_display": "100"}, "missing_lines": [], "excluded_lines": []}, "LearningStorage.get_industry_patterns": {"executed_lines": [100, 104, 107, 108], "summary": {"covered_lines": 4, "num_statements": 5, "percent_covered": 80.0, "percent_covered_display": "80", "missing_lines": 1, "excluded_lines": 0, "percent_statements_covered": 80.0, "percent_statements_covered_display": "80"}, "missing_lines": [105], "excluded_lines": []}, "LearningStorage.create_industry_pattern": {"executed_lines": [115, 116, 117], "summary": {"covered_lines": 3, "num_statements": 3, "percent_covered": 100.0, "percent_covered_display": "100", "missing_lines": 0, "excluded_lines": 0, "percent_statements_covered": 100.0, "percent_statements_covered_display": "100"}, "missing_lines": [], "excluded_lines": []}, "LearningStorage.get_audit_log": {"executed_lines": [127, 131], "summary": {"covered_lines": 2, "num_statements": 2, "percent_covered": 100.0, "percent_covered_display": "100", "missing_lines": 0, "excluded_lines": 0, "percent_statements_covered": 100.0, "percent_statements_covered_display": "100"}, "missing_lines": [], "excluded_lines": []}, "LearningStorage.create_audit_log": {"executed_lines": [135, 136, 137], "summary": {"covered_lines": 3, "num_statements": 3, "percent_covered": 100.0, "percent_covered_display": "100", "missing_lines": 0, "excluded_lines": 0, "percent_statements_covered": 100.0, "percent_statements_covered_display": "100"}, "missing_lines": [], "excluded_lines": []}, "": {"executed_lines": [1, 8, 9, 10, 11, 13, 20, 22, 25, 26, 28, 33, 43, 49, 63, 79, 85, 94, 110, 121, 133], "summary": {"covered_lines": 19, "num_statements": 19, "percent_covered": 100.0, "percent_covered_display": "100", "missing_lines": 0, "excluded_lines": 0, "percent_statements_covered": 100.0, "percent_statements_covered_display": "100"}, "missing_lines": [], "excluded_lines": []}}, "classes": {"LearningStorage": {"executed_lines": [29, 35, 39, 40, 41, 45, 46, 47, 55, 56, 59, 69, 73, 74, 76, 77, 81, 82, 83, 87, 90, 100, 104, 107, 108, 115, 116, 117, 127, 131, 135, 136, 137], "summary": {"covered_lines": 33, "num_statements": 34, "percent_covered": 97.05882352941177, "percent_covered_display": "97", "missing_lines": 1, "excluded_lines": 0, "percent_statements_covered": 97.05882352941177, "percent_statements_covered_display": "97"}, "missing_lines": [105], "excluded_lines": []}, "": {"executed_lines": [1, 8, 9, 10, 11, 13, 20, 22, 25, 26, 28, 33, 43, 49, 63, 79, 85, 94, 110, 121, 133], "summary": {"covered_lines": 19, "num_statements": 19, "percent_covered": 100.0, "percent_covered_display": "100", "missing_lines": 0, "excluded_lines": 0, "percent_statements_covered": 100.0, "percent_statements_covered_display": "100"}, "missing_lines": [], "excluded_lines": []}}}, "src\\mobius\\storage\\templates.py": {"executed_lines": [1, 7, 8, 9, 10, 11, 13, 16, 17, 19, 20, 22, 35, 42, 43, 45, 46, 48, 58, 60, 68, 69, 72, 83, 85, 95, 97, 111, 116, 118, 125, 128, 129, 131, 146, 148, 155, 158, 159], "summary": {"covered_lines": 37, "num_statements": 40, "percent_covered": 92.5, "percent_covered_display": "92", "missing_lines": 3, "excluded_lines": 0, "percent_statements_covered": 92.5, "percent_statements_covered_display": "92"}, "missing_lines": [70, 126, 156], "excluded_lines": [], "functions": {"TemplateStorage.__init__": {"executed_lines": [20], "summary": {"covered_lines": 1, "num_statements": 1, "percent_covered": 100.0, "percent_covered_display": "100", "missing_lines": 0, "excluded_lines": 0, "percent_statements_covered": 100.0, "percent_statements_covered_display": "100"}, "missing_lines": [], "excluded_lines": []}, "TemplateStorage.create_template": {"executed_lines": [35, 42, 43, 45, 46], "summary": {"covered_lines": 5, "num_statements": 5, "percent_covered": 100.0, "percent_covered_display": "100", "missing_lines": 0, "excluded_lines": 0, "percent_statements_covered": 100.0, "percent_statements_covered_display": "100"}, "missing_lines": [], "excluded_lines": []}, "TemplateStorage.get_template": {"executed_lines": [58, 60, 68, 69], "summary": {"covered_lines": 4, "num_statements": 5, "percent_covered": 80.0, "percent_covered_display": "80", "missing_lines": 1, "excluded_lines": 0, "percent_statements_covered": 80.0, "percent_statements_covered_display": "80"}, "missing_lines": [70], "excluded_lines": []}, "TemplateStorage.list_templates": {"executed_lines": [83, 85, 95], "summary": {"covered_lines": 3, "num_statements": 3, "percent_covered": 100.0, "percent_covered_display": "100", "missing_lines": 0, "excluded_lines": 0, "percent_statements_covered": 100.0, "percent_statements_covered_display": "100"}, "missing_lines": [], "excluded_lines": []}, "TemplateStorage.update_template": {"executed_lines": [111, 116, 118, 125, 128, 129], "summary": {"covered_lines": 6, "num_statements": 7, "percent_covered": 85.71428571428571, "percent_covered_display": "86", "missing_lines": 1, "excluded_lines": 0, "percent_statements_covered": 85.71428571428571, "percent_statements_covered_display": "86"}, "missing_lines": [126], "excluded_lines": []}, "TemplateStorage.delete_template": {"executed_lines": [146, 148, 155, 158, 159], "summary": {"covered_lines": 5, "num_statements": 6, "percent_covered": 83.33333333333333, "percent_covered_display": "83", "missing_lines": 1, "excluded_lines": 0, "percent_statements_covered": 83.33333333333333, "percent_statements_covered_display": "83"}, "missing_lines": [156], "excluded_lines": []}, "": {"executed_lines": [1, 7, 8, 9, 10, 11, 13, 16, 17, 19, 22, 48, 72, 97, 131], "summary": {"covered_lines": 13, "num_statements": 13, "percent_covered": 100.0, "percent_covered_display": "100", "missing_lines": 0, "excluded_lines": 0, "percent_statements_covered": 100.0, "percent_statements_covered_display": "100"}, "missing_lines": [], "excluded_lines": []}}, "classes": {"TemplateStorage": {"executed_lines": [20, 35, 42, 43, 45, 46, 58, 60, 68, 69, 83, 85, 95, 111, 116, 118, 125, 128, 129, 146, 148, 155, 158, 159], "summary": {"covered_lines": 24, "num_statements": 27, "percent_covered": 88.88888888888889, "percent_covered_display": "89", "missing_lines": 3, "excluded_lines": 0, "percent_statements_covered": 88.88888888888889, "percent_statements_covered_display": "89"}, "missing_lines": [70, 126, 156], "excluded_lines": []}, "": {"executed_lines": [1, 7, 8, 9, 10, 11, 13, 16, 17, 19, 22, 48, 72, 97, 131], "summary": {"covered_lines": 13, "num_statements": 13, "percent_covered": 100.0, "percent_covered_display": "100", "missing_lines": 0, "excluded_lines": 0, "percent_statements_covered": 100.0, "percent_statements_covered_display": "100"}, "missing_lines": [], "excluded_lines": []}}}, "src\\mobius\\tools\\__init__.py": {"executed_lines": [1, 9, 10, 12], "summary": {"covered_lines": 3, "num_statements": 3, "percent_covered": 100.0, "percent_covered_display": "100", "missing_lines": 0, "excluded_lines": 0, "percent_statements_covered": 100.0, "percent_statements_covered_display": "100"}, "missing_lines": [], "excluded_lines": [], "functions": {"": {"executed_lines": [1, 9, 10, 12], "summary": {"covered_lines": 3, "num_statements": 3, "percent_covered": 100.0, "percent_covered_display": "100", "missing_lines": 0, "excluded_lines": 0, "percent_statements_covered": 100.0, "percent_statements_covered_display": "100"}, "missing_lines": [], "excluded_lines": []}}, "classes": {"": {"executed_lines": [1, 9, 10, 12], "summary": {"covered_lines": 3, "num_statements": 3, "percent_covered": 100.0, "percent_covered_display": "100", "missing_lines": 0, "excluded_lines": 0, "percent_statements_covered": 100.0, "percent_statements_covered_display": "100"}, "missing_lines": [], "excluded_lines": []}}}, "src\\mobius\\tools\\gemini.py": {"executed_lines": [1, 8, 9, 10, 11, 12, 13, 14, 15, 17, 20, 21, 23, 25, 27, 28, 30, 99, 162], "summary": {"covered_lines": 17, "num_statements": 75, "percent_covered": 22.666666666666668, "percent_covered_display": "23", "missing_lines": 58, "excluded_lines": 0, "percent_statements_covered": 22.666666666666668, "percent_statements_covered_display": "23"}, "missing_lines": [52, 54, 56, 58, 59, 60, 61, 64, 68, 69, 71, 73, 76, 82, 84, 85, 86, 87, 88, 89, 90, 92, 93, 95, 96, 97, 123, 125, 127, 131, 132, 134, 136, 139, 145, 147, 148, 149, 150, 151, 152, 153, 155, 156, 158, 159, 160, 181, 184, 221, 222, 224, 226, 232, 240, 242, 243, 244], "excluded_lines": [], "functions": {"GeminiClient.__init__": {"executed_lines": [25, 27, 28], "summary": {"covered_lines": 3, "num_statements": 3, "percent_covered": 100.0, "percent_covered_display": "100", "missing_lines": 0, "excluded_lines": 0, "percent_statements_covered": 100.0, "percent_statements_covered_display": "100"}, "missing_lines": [], "excluded_lines": []}, "GeminiClient.analyze_image": {"executed_lines": [], "summary": {"covered_lines": 0, "num_statements": 26, "percent_covered": 0.0, "percent_covered_display": "0", "missing_lines": 26, "excluded_lines": 0, "percent_statements_covered": 0.0, "percent_statements_covered_display": "0"}, "missing_lines": [52, 54, 56, 58, 59, 60, 61, 64, 68, 69, 71, 73, 76, 82, 84, 85, 86, 87, 88, 89, 90, 92, 93, 95, 96, 97], "excluded_lines": []}, "GeminiClient.analyze_pdf": {"executed_lines": [], "summary": {"covered_lines": 0, "num_statements": 21, "percent_covered": 0.0, "percent_covered_display": "0", "missing_lines": 21, "excluded_lines": 0, "percent_statements_covered": 0.0, "percent_statements_covered_display": "0"}, "missing_lines": [123, 125, 127, 131, 132, 134, 136, 139, 145, 147, 148, 149, 150, 151, 152, 153, 155, 156, 158, 159, 160], "excluded_lines": []}, "GeminiClient.extract_brand_guidelines": {"executed_lines": [], "summary": {"covered_lines": 0, "num_statements": 11, "percent_covered": 0.0, "percent_covered_display": "0", "missing_lines": 11, "excluded_lines": 0, "percent_statements_covered": 0.0, "percent_statements_covered_display": "0"}, "missing_lines": [181, 184, 221, 222, 224, 226, 232, 240, 242, 243, 244], "excluded_lines": []}, "": {"executed_lines": [1, 8, 9, 10, 11, 12, 13, 14, 15, 17, 20, 21, 23, 30, 99, 162], "summary": {"covered_lines": 14, "num_statements": 14, "percent_covered": 100.0, "percent_covered_display": "100", "missing_lines": 0, "excluded_lines": 0, "percent_statements_covered": 100.0, "percent_statements_covered_display": "100"}, "missing_lines": [], "excluded_lines": []}}, "classes": {"GeminiClient": {"executed_lines": [25, 27, 28], "summary": {"covered_lines": 3, "num_statements": 61, "percent_covered": 4.918032786885246, "percent_covered_display": "5", "missing_lines": 58, "excluded_lines": 0, "percent_statements_covered": 4.918032786885246, "percent_statements_covered_display": "5"}, "missing_lines": [52, 54, 56, 58, 59, 60, 61, 64, 68, 69, 71, 73, 76, 82, 84, 85, 86, 87, 88, 89, 90, 92, 93, 95, 96, 97, 123, 125, 127, 131, 132, 134, 136, 139, 145, 147, 148, 149, 150, 151, 152, 153, 155, 156, 158, 159, 160, 181, 184, 221, 222, 224, 226, 232, 240, 242, 243, 244], "excluded_lines": []}, "": {"executed_lines": [1, 8, 9, 10, 11, 12, 13, 14, 15, 17, 20, 21, 23, 30, 99, 162], "summary": {"covered_lines": 14, "num_statements": 14, "percent_covered": 100.0, "percent_covered_display": "100", "missing_lines": 0, "excluded_lines": 0, "percent_statements_covered": 100.0, "percent_statements_covered_display": "100"}, "missing_lines": [], "excluded_lines": []}}}, "src\\mobius\\tools\\pdf_parser.py": {"executed_lines": [1, 7, 8, 9, 10, 12, 15, 16, 18, 50, 88, 110], "summary": {"covered_lines": 10, "num_statements": 64, "percent_covered": 15.625, "percent_covered_display": "16", "missing_lines": 54, "excluded_lines": 0, "percent_statements_covered": 15.625, "percent_statements_covered_display": "16"}, "missing_lines": [31, 33, 34, 35, 36, 37, 38, 39, 40, 42, 43, 44, 46, 47, 48, 64, 66, 67, 70, 71, 72, 73, 74, 76, 77, 78, 81, 82, 84, 85, 86, 98, 101, 102, 105, 107, 108, 122, 126, 128, 129, 131, 132, 133, 135, 136, 139, 140, 141, 142, 143, 144, 146, 147], "excluded_lines": [], "functions": {"PDFParser.extract_text": {"executed_lines": [], "summary": {"covered_lines": 0, "num_statements": 15, "percent_covered": 0.0, "percent_covered_display": "0", "missing_lines": 15, "excluded_lines": 0, "percent_statements_covered": 0.0, "percent_statements_covered_display": "0"}, "missing_lines": [31, 33, 34, 35, 36, 37, 38, 39, 40, 42, 43, 44, 46, 47, 48], "excluded_lines": []}, "PDFParser.find_section": {"executed_lines": [], "summary": {"covered_lines": 0, "num_statements": 16, "percent_covered": 0.0, "percent_covered_display": "0", "missing_lines": 16, "excluded_lines": 0, "percent_statements_covered": 0.0, "percent_statements_covered_display": "0"}, "missing_lines": [64, 66, 67, 70, 71, 72, 73, 74, 76, 77, 78, 81, 82, 84, 85, 86], "excluded_lines": []}, "PDFParser.extract_hex_codes": {"executed_lines": [], "summary": {"covered_lines": 0, "num_statements": 6, "percent_covered": 0.0, "percent_covered_display": "0", "missing_lines": 6, "excluded_lines": 0, "percent_statements_covered": 0.0, "percent_statements_covered_display": "0"}, "missing_lines": [98, 101, 102, 105, 107, 108], "excluded_lines": []}, "PDFParser.extract_font_names": {"executed_lines": [], "summary": {"covered_lines": 0, "num_statements": 17, "percent_covered": 0.0, "percent_covered_display": "0", "missing_lines": 17, "excluded_lines": 0, "percent_statements_covered": 0.0, "percent_statements_covered_display": "0"}, "missing_lines": [122, 126, 128, 129, 131, 132, 133, 135, 136, 139, 140, 141, 142, 143, 144, 146, 147], "excluded_lines": []}, "": {"executed_lines": [1, 7, 8, 9, 10, 12, 15, 16, 18, 50, 88, 110], "summary": {"covered_lines": 10, "num_statements": 10, "percent_covered": 100.0, "percent_covered_display": "100", "missing_lines": 0, "excluded_lines": 0, "percent_statements_covered": 100.0, "percent_statements_covered_display": "100"}, "missing_lines": [], "excluded_lines": []}}, "classes": {"PDFParser": {"executed_lines": [], "summary": {"covered_lines": 0, "num_statements": 54, "percent_covered": 0.0, "percent_covered_display": "0", "missing_lines": 54, "excluded_lines": 0, "percent_statements_covered": 0.0, "percent_statements_covered_display": "0"}, "missing_lines": [31, 33, 34, 35, 36, 37, 38, 39, 40, 42, 43, 44, 46, 47, 48, 64, 66, 67, 70, 71, 72, 73, 74, 76, 77, 78, 81, 82, 84, 85, 86, 98, 101, 102, 105, 107, 108, 122, 126, 128, 129, 131, 132, 133, 135, 136, 139, 140, 141, 142, 143, 144, 146, 147], "excluded_lines": []}, "": {"executed_lines": [1, 7, 8, 9, 10, 12, 15, 16, 18, 50, 88, 110], "summary": {"covered_lines": 10, "num_statements": 10, "percent_covered": 100.0, "percent_covered_display": "100", "missing_lines": 0, "excluded_lines": 0, "percent_statements_covered": 100.0, "percent_statements_covered_display": "100"}, "missing_lines": [], "excluded_lines": []}}}}, "totals": {"covered_lines": 1847, "num_statements": 2613, "percent_covered": 70.68503635667815, "percent_covered_display": "71", "missing_lines": 766, "excluded_lines": 0, "percent_statements_covered": 70.68503635667815, "percent_statements_covered_display": "71"}}